<?xml version="1.0" encoding="UTF-8"?>
<coverage generated="1638001208389" clover="3.2.0">
  <project timestamp="1638001208389" name="All files">
    <metrics statements="256" coveredstatements="225" conditionals="71" coveredconditionals="48" methods="110" coveredmethods="86" elements="437" coveredelements="359" complexity="0" loc="256" ncloc="256" packages="3" files="29" classes="29"/>
    <package name="Flora">
      <metrics statements="116" coveredstatements="112" conditionals="40" coveredconditionals="31" methods="41" coveredmethods="37"/>
      <file name="Exception.ts" path="/Users/lmonninger/Desktop/dev/cogint/packages/Fauna/flora/src/Flora/Exception.ts">
        <metrics statements="13" coveredstatements="13" conditionals="22" coveredconditionals="20" methods="5" coveredmethods="5"/>
        <line num="20" count="13" type="stmt"/>
        <line num="35" count="13" type="stmt"/>
        <line num="42" count="222" type="stmt"/>
        <line num="57" count="13" type="stmt"/>
        <line num="58" count="8" type="cond" truecount="2" falsecount="0"/>
        <line num="66" count="13" type="stmt"/>
        <line num="67" count="170" type="stmt"/>
        <line num="84" count="13" type="stmt"/>
        <line num="85" count="13" type="stmt"/>
        <line num="86" count="13" type="stmt"/>
        <line num="87" count="43" type="stmt"/>
        <line num="100" count="13" type="stmt"/>
        <line num="102" count="42" type="stmt"/>
      </file>
      <file name="Flora.ts" path="/Users/lmonninger/Desktop/dev/cogint/packages/Fauna/flora/src/Flora/Flora.ts">
        <metrics statements="40" coveredstatements="39" conditionals="2" coveredconditionals="2" methods="14" coveredmethods="13"/>
        <line num="46" count="13" type="stmt"/>
        <line num="47" count="13" type="stmt"/>
        <line num="48" count="13" type="stmt"/>
        <line num="49" count="13" type="stmt"/>
        <line num="50" count="13" type="stmt"/>
        <line num="51" count="13" type="stmt"/>
        <line num="58" count="13" type="stmt"/>
        <line num="59" count="77" type="stmt"/>
        <line num="62" count="13" type="stmt"/>
        <line num="66" count="27" type="stmt"/>
        <line num="70" count="13" type="stmt"/>
        <line num="73" count="27" type="stmt"/>
        <line num="93" count="13" type="stmt"/>
        <line num="114" count="13" type="cond" truecount="1" falsecount="0"/>
        <line num="115" count="51" type="stmt"/>
        <line num="119" count="13" type="stmt"/>
        <line num="120" count="13" type="stmt"/>
        <line num="128" count="13" type="stmt"/>
        <line num="129" count="647" type="stmt"/>
        <line num="136" count="13" type="stmt"/>
        <line num="137" count="498" type="stmt"/>
        <line num="145" count="13" type="stmt"/>
        <line num="147" count="50" type="stmt"/>
        <line num="166" count="13" type="stmt"/>
        <line num="167" count="50" type="stmt"/>
        <line num="183" count="13" type="stmt"/>
        <line num="188" count="50" type="stmt"/>
        <line num="218" count="13" type="stmt"/>
        <line num="219" count="498" type="stmt"/>
        <line num="222" count="13" type="stmt"/>
        <line num="223" count="50" type="stmt"/>
        <line num="240" count="13" type="stmt"/>
        <line num="242" count="0" type="stmt"/>
        <line num="253" count="13" type="stmt"/>
        <line num="254" count="13" type="stmt"/>
        <line num="256" count="50" type="stmt"/>
        <line num="266" count="13" type="stmt"/>
        <line num="272" count="13" type="stmt"/>
        <line num="274" count="50" type="stmt"/>
        <line num="276" count="50" type="stmt"/>
      </file>
      <file name="Fx.ts" path="/Users/lmonninger/Desktop/dev/cogint/packages/Fauna/flora/src/Flora/Fx.ts">
        <metrics statements="37" coveredstatements="34" conditionals="14" coveredconditionals="8" methods="13" coveredmethods="10"/>
        <line num="26" count="10" type="stmt"/>
        <line num="27" count="10" type="stmt"/>
        <line num="28" count="10" type="stmt"/>
        <line num="35" count="10" type="stmt"/>
        <line num="37" count="60" type="cond" truecount="3" falsecount="1"/>
        <line num="38" count="60" type="cond" truecount="1" falsecount="1"/>
        <line num="40" count="60" type="stmt"/>
        <line num="41" count="60" type="stmt"/>
        <line num="42" count="60" type="stmt"/>
        <line num="44" count="0" type="stmt"/>
        <line num="47" count="60" type="stmt"/>
        <line num="76" count="10" type="stmt"/>
        <line num="78" count="0" type="stmt"/>
        <line num="94" count="10" type="stmt"/>
        <line num="95" count="38" type="stmt"/>
        <line num="96" count="60" type="stmt"/>
        <line num="101" count="10" type="stmt"/>
        <line num="102" count="34" type="stmt"/>
        <line num="117" count="10" type="stmt"/>
        <line num="118" count="34" type="stmt"/>
        <line num="119" count="34" type="stmt"/>
        <line num="120" count="34" type="stmt"/>
        <line num="121" count="34" type="stmt"/>
        <line num="122" count="34" type="stmt"/>
        <line num="125" count="10" type="stmt"/>
        <line num="126" count="10" type="stmt"/>
        <line num="132" count="34" type="cond" truecount="1" falsecount="1"/>
        <line num="133" count="34" type="stmt"/>
        <line num="134" count="34" type="cond" truecount="2" falsecount="2"/>
        <line num="136" count="34" type="stmt"/>
        <line num="177" count="10" type="stmt"/>
        <line num="178" count="5" type="stmt"/>
        <line num="179" count="8" type="stmt"/>
        <line num="181" count="0" type="cond" truecount="1" falsecount="1"/>
        <line num="197" count="10" type="stmt"/>
        <line num="201" count="10" type="stmt"/>
        <line num="203" count="5" type="stmt"/>
      </file>
      <file name="Key.ts" path="/Users/lmonninger/Desktop/dev/cogint/packages/Fauna/flora/src/Flora/Key.ts">
        <metrics statements="6" coveredstatements="6" conditionals="0" coveredconditionals="0" methods="1" coveredmethods="1"/>
        <line num="3" count="13" type="stmt"/>
        <line num="4" count="13" type="stmt"/>
        <line num="13" count="13" type="stmt"/>
        <line num="14" count="63" type="stmt"/>
        <line num="17" count="13" type="stmt"/>
        <line num="19" count="13" type="stmt"/>
      </file>
      <file name="Raise.ts" path="/Users/lmonninger/Desktop/dev/cogint/packages/Fauna/flora/src/Flora/Raise.ts">
        <metrics statements="9" coveredstatements="9" conditionals="0" coveredconditionals="0" methods="4" coveredmethods="4"/>
        <line num="18" count="13" type="stmt"/>
        <line num="22" count="149" type="stmt"/>
        <line num="41" count="13" type="stmt"/>
        <line num="42" count="105" type="stmt"/>
        <line num="48" count="13" type="stmt"/>
        <line num="49" count="13" type="stmt"/>
        <line num="50" count="105" type="stmt"/>
        <line num="64" count="13" type="stmt"/>
        <line num="66" count="44" type="stmt"/>
      </file>
      <file name="Yield.ts" path="/Users/lmonninger/Desktop/dev/cogint/packages/Fauna/flora/src/Flora/Yield.ts">
        <metrics statements="11" coveredstatements="11" conditionals="2" coveredconditionals="1" methods="4" coveredmethods="4"/>
        <line num="22" count="11" type="stmt"/>
        <line num="23" count="41" type="stmt"/>
        <line num="24" count="62" type="stmt"/>
        <line num="43" count="11" type="stmt"/>
        <line num="44" count="11" type="stmt"/>
        <line num="50" count="11" type="stmt"/>
        <line num="51" count="41" type="stmt"/>
        <line num="74" count="11" type="stmt"/>
        <line num="76" count="41" type="stmt"/>
        <line num="78" count="41" type="stmt"/>
        <line num="83" count="41" type="stmt"/>
      </file>
      <file name="index.ts" path="/Users/lmonninger/Desktop/dev/cogint/packages/Fauna/flora/src/Flora/index.ts">
        <metrics statements="0" coveredstatements="0" conditionals="0" coveredconditionals="0" methods="0" coveredmethods="0"/>
      </file>
    </package>
    <package name="FloraMethods">
      <metrics statements="72" coveredstatements="48" conditionals="15" coveredconditionals="8" methods="34" coveredmethods="19"/>
      <file name="Creation.ts" path="/Users/lmonninger/Desktop/dev/cogint/packages/Fauna/flora/src/FloraMethods/Creation.ts">
        <metrics statements="8" coveredstatements="8" conditionals="3" coveredconditionals="3" methods="5" coveredmethods="5"/>
        <line num="15" count="4" type="stmt"/>
        <line num="20" count="7" type="stmt"/>
        <line num="34" count="4" type="stmt"/>
        <line num="39" count="5" type="stmt"/>
        <line num="41" count="5" type="stmt"/>
        <line num="60" count="4" type="stmt"/>
        <line num="68" count="5" type="stmt"/>
        <line num="70" count="5" type="stmt"/>
      </file>
      <file name="Delete.ts" path="/Users/lmonninger/Desktop/dev/cogint/packages/Fauna/flora/src/FloraMethods/Delete.ts">
        <metrics statements="3" coveredstatements="3" conditionals="1" coveredconditionals="1" methods="2" coveredmethods="2"/>
        <line num="6" count="2" type="stmt"/>
        <line num="11" count="1" type="stmt"/>
        <line num="13" count="1" type="stmt"/>
      </file>
      <file name="FaunaMethods.ts" path="/Users/lmonninger/Desktop/dev/cogint/packages/Fauna/flora/src/FloraMethods/FaunaMethods.ts">
        <metrics statements="14" coveredstatements="7" conditionals="3" coveredconditionals="0" methods="8" coveredmethods="2"/>
        <line num="12" count="3" type="stmt"/>
        <line num="14" count="0" type="stmt"/>
        <line num="26" count="3" type="stmt"/>
        <line num="28" count="0" type="stmt"/>
        <line num="36" count="3" type="stmt"/>
        <line num="38" count="3" type="stmt"/>
        <line num="40" count="3" type="stmt"/>
        <line num="52" count="3" type="stmt"/>
        <line num="58" count="0" type="cond" truecount="0" falsecount="2"/>
        <line num="60" count="0" type="stmt"/>
        <line num="62" count="0" type="stmt"/>
        <line num="73" count="3" type="stmt"/>
        <line num="78" count="0" type="stmt"/>
        <line num="80" count="0" type="stmt"/>
      </file>
      <file name="Read.ts" path="/Users/lmonninger/Desktop/dev/cogint/packages/Fauna/flora/src/FloraMethods/Read.ts">
        <metrics statements="3" coveredstatements="3" conditionals="1" coveredconditionals="1" methods="2" coveredmethods="2"/>
        <line num="7" count="2" type="stmt"/>
        <line num="11" count="3" type="stmt"/>
        <line num="13" count="3" type="stmt"/>
      </file>
      <file name="RefOf.ts" path="/Users/lmonninger/Desktop/dev/cogint/packages/Fauna/flora/src/FloraMethods/RefOf.ts">
        <metrics statements="2" coveredstatements="2" conditionals="0" coveredconditionals="0" methods="1" coveredmethods="1"/>
        <line num="9" count="1" type="stmt"/>
        <line num="11" count="2" type="stmt"/>
      </file>
      <file name="Select.ts" path="/Users/lmonninger/Desktop/dev/cogint/packages/Fauna/flora/src/FloraMethods/Select.ts">
        <metrics statements="19" coveredstatements="8" conditionals="3" coveredconditionals="0" methods="6" coveredmethods="2"/>
        <line num="7" count="3" type="stmt"/>
        <line num="17" count="2" type="stmt"/>
        <line num="19" count="2" type="stmt"/>
        <line num="30" count="3" type="stmt"/>
        <line num="32" count="0" type="stmt"/>
        <line num="39" count="3" type="stmt"/>
        <line num="41" count="3" type="stmt"/>
        <line num="43" count="0" type="stmt"/>
        <line num="46" count="0" type="cond" truecount="0" falsecount="2"/>
        <line num="47" count="0" type="stmt"/>
        <line num="50" count="0" type="stmt"/>
        <line num="51" count="0" type="stmt"/>
        <line num="53" count="0" type="stmt"/>
        <line num="63" count="3" type="stmt"/>
        <line num="71" count="3" type="stmt"/>
        <line num="78" count="0" type="stmt"/>
        <line num="79" count="0" type="stmt"/>
        <line num="85" count="0" type="stmt"/>
        <line num="87" count="0" type="stmt"/>
      </file>
      <file name="Traversal.ts" path="/Users/lmonninger/Desktop/dev/cogint/packages/Fauna/flora/src/FloraMethods/Traversal.ts">
        <metrics statements="19" coveredstatements="13" conditionals="3" coveredconditionals="2" methods="8" coveredmethods="3"/>
        <line num="14" count="2" type="stmt"/>
        <line num="16" count="0" type="stmt"/>
        <line num="18" count="0" type="stmt"/>
        <line num="27" count="2" type="stmt"/>
        <line num="31" count="0" type="stmt"/>
        <line num="33" count="0" type="stmt"/>
        <line num="39" count="2" type="stmt"/>
        <line num="41" count="0" type="stmt"/>
        <line num="67" count="2" type="stmt"/>
        <line num="69" count="2" type="stmt"/>
        <line num="72" count="2" type="cond" truecount="1" falsecount="1"/>
        <line num="73" count="2" type="stmt"/>
        <line num="76" count="0" type="stmt"/>
        <line num="87" count="2" type="stmt"/>
        <line num="95" count="2" type="stmt"/>
        <line num="103" count="2" type="stmt"/>
        <line num="105" count="2" type="stmt"/>
        <line num="107" count="2" type="stmt"/>
        <line num="114" count="2" type="stmt"/>
      </file>
      <file name="Update.ts" path="/Users/lmonninger/Desktop/dev/cogint/packages/Fauna/flora/src/FloraMethods/Update.ts">
        <metrics statements="4" coveredstatements="4" conditionals="1" coveredconditionals="1" methods="2" coveredmethods="2"/>
        <line num="29" count="2" type="stmt"/>
        <line num="37" count="2" type="stmt"/>
        <line num="45" count="4" type="stmt"/>
        <line num="47" count="4" type="stmt"/>
      </file>
      <file name="index.ts" path="/Users/lmonninger/Desktop/dev/cogint/packages/Fauna/flora/src/FloraMethods/index.ts">
        <metrics statements="0" coveredstatements="0" conditionals="0" coveredconditionals="0" methods="0" coveredmethods="0"/>
      </file>
    </package>
    <package name="FloraTypes">
      <metrics statements="68" coveredstatements="65" conditionals="16" coveredconditionals="9" methods="35" coveredmethods="30"/>
      <file name="And.ts" path="/Users/lmonninger/Desktop/dev/cogint/packages/Fauna/flora/src/FloraTypes/And.ts">
        <metrics statements="6" coveredstatements="6" conditionals="0" coveredconditionals="0" methods="3" coveredmethods="3"/>
        <line num="7" count="10" type="stmt"/>
        <line num="9" count="2" type="stmt"/>
        <line num="12" count="2" type="stmt"/>
        <line num="13" count="4" type="stmt"/>
        <line num="16" count="2" type="stmt"/>
        <line num="22" count="10" type="stmt"/>
      </file>
      <file name="Any.ts" path="/Users/lmonninger/Desktop/dev/cogint/packages/Fauna/flora/src/FloraTypes/Any.ts">
        <metrics statements="1" coveredstatements="1" conditionals="0" coveredconditionals="0" methods="1" coveredmethods="1"/>
        <line num="1" count="34" type="stmt"/>
      </file>
      <file name="Array.ts" path="/Users/lmonninger/Desktop/dev/cogint/packages/Fauna/flora/src/FloraTypes/Array.ts">
        <metrics statements="4" coveredstatements="4" conditionals="0" coveredconditionals="0" methods="2" coveredmethods="2"/>
        <line num="12" count="10" type="stmt"/>
        <line num="13" count="10" type="stmt"/>
        <line num="19" count="10" type="stmt"/>
        <line num="20" count="6" type="stmt"/>
      </file>
      <file name="Collection.ts" path="/Users/lmonninger/Desktop/dev/cogint/packages/Fauna/flora/src/FloraTypes/Collection.ts">
        <metrics statements="6" coveredstatements="6" conditionals="1" coveredconditionals="1" methods="2" coveredmethods="2"/>
        <line num="28" count="9" type="stmt"/>
        <line num="32" count="10" type="stmt"/>
        <line num="34" count="10" type="stmt"/>
        <line num="36" count="10" type="stmt"/>
        <line num="40" count="10" type="stmt"/>
        <line num="47" count="9" type="stmt"/>
      </file>
      <file name="Document.ts" path="/Users/lmonninger/Desktop/dev/cogint/packages/Fauna/flora/src/FloraTypes/Document.ts">
        <metrics statements="5" coveredstatements="5" conditionals="4" coveredconditionals="2" methods="2" coveredmethods="2"/>
        <line num="16" count="9" type="stmt"/>
        <line num="18" count="17" type="cond" truecount="1" falsecount="1"/>
        <line num="20" count="17" type="stmt"/>
        <line num="22" count="18" type="cond" truecount="1" falsecount="1"/>
        <line num="30" count="17" type="stmt"/>
      </file>
      <file name="Map.ts" path="/Users/lmonninger/Desktop/dev/cogint/packages/Fauna/flora/src/FloraTypes/Map.ts">
        <metrics statements="3" coveredstatements="3" conditionals="2" coveredconditionals="0" methods="2" coveredmethods="2"/>
        <line num="5" count="10" type="stmt"/>
        <line num="8" count="4" type="stmt"/>
        <line num="10" count="4" type="stmt"/>
      </file>
      <file name="Object.ts" path="/Users/lmonninger/Desktop/dev/cogint/packages/Fauna/flora/src/FloraTypes/Object.ts">
        <metrics statements="12" coveredstatements="12" conditionals="4" coveredconditionals="3" methods="6" coveredmethods="6"/>
        <line num="28" count="12" type="stmt"/>
        <line num="31" count="4" type="stmt"/>
        <line num="32" count="4" type="stmt"/>
        <line num="43" count="12" type="stmt"/>
        <line num="44" count="19" type="stmt"/>
        <line num="45" count="40" type="stmt"/>
        <line num="53" count="12" type="stmt"/>
        <line num="54" count="12" type="stmt"/>
        <line num="60" count="12" type="stmt"/>
        <line num="61" count="19" type="stmt"/>
        <line num="79" count="27" type="stmt"/>
        <line num="80" count="19" type="cond" truecount="1" falsecount="1"/>
      </file>
      <file name="Or.ts" path="/Users/lmonninger/Desktop/dev/cogint/packages/Fauna/flora/src/FloraTypes/Or.ts">
        <metrics statements="5" coveredstatements="5" conditionals="0" coveredconditionals="0" methods="3" coveredmethods="3"/>
        <line num="7" count="11" type="stmt"/>
        <line num="9" count="2" type="stmt"/>
        <line num="12" count="2" type="stmt"/>
        <line num="13" count="4" type="stmt"/>
        <line num="16" count="2" type="stmt"/>
      </file>
      <file name="Perf.ts" path="/Users/lmonninger/Desktop/dev/cogint/packages/Fauna/flora/src/FloraTypes/Perf.ts">
        <metrics statements="1" coveredstatements="1" conditionals="0" coveredconditionals="0" methods="2" coveredmethods="0"/>
        <line num="11" count="9" type="stmt"/>
      </file>
      <file name="Primitives.ts" path="/Users/lmonninger/Desktop/dev/cogint/packages/Fauna/flora/src/FloraTypes/Primitives.ts">
        <metrics statements="12" coveredstatements="9" conditionals="0" coveredconditionals="0" methods="6" coveredmethods="3"/>
        <line num="16" count="15" type="stmt"/>
        <line num="17" count="40" type="stmt"/>
        <line num="25" count="15" type="stmt"/>
        <line num="26" count="0" type="stmt"/>
        <line num="33" count="15" type="stmt"/>
        <line num="34" count="0" type="stmt"/>
        <line num="46" count="15" type="stmt"/>
        <line num="47" count="0" type="stmt"/>
        <line num="59" count="15" type="stmt"/>
        <line num="60" count="38" type="stmt"/>
        <line num="68" count="15" type="stmt"/>
        <line num="69" count="9" type="stmt"/>
      </file>
      <file name="Ref.ts" path="/Users/lmonninger/Desktop/dev/cogint/packages/Fauna/flora/src/FloraTypes/Ref.ts">
        <metrics statements="5" coveredstatements="5" conditionals="3" coveredconditionals="2" methods="2" coveredmethods="2"/>
        <line num="26" count="9" type="stmt"/>
        <line num="29" count="9" type="stmt"/>
        <line num="30" count="9" type="stmt"/>
        <line num="32" count="10" type="cond" truecount="1" falsecount="1"/>
        <line num="43" count="9" type="stmt"/>
      </file>
      <file name="Tuple.ts" path="/Users/lmonninger/Desktop/dev/cogint/packages/Fauna/flora/src/FloraTypes/Tuple.ts">
        <metrics statements="8" coveredstatements="8" conditionals="2" coveredconditionals="1" methods="4" coveredmethods="4"/>
        <line num="20" count="11" type="stmt"/>
        <line num="21" count="7" type="stmt"/>
        <line num="22" count="14" type="stmt"/>
        <line num="30" count="11" type="stmt"/>
        <line num="31" count="11" type="stmt"/>
        <line num="37" count="11" type="stmt"/>
        <line num="39" count="7" type="stmt"/>
        <line num="41" count="7" type="stmt"/>
      </file>
      <file name="index.ts" path="/Users/lmonninger/Desktop/dev/cogint/packages/Fauna/flora/src/FloraTypes/index.ts">
        <metrics statements="0" coveredstatements="0" conditionals="0" coveredconditionals="0" methods="0" coveredmethods="0"/>
      </file>
    </package>
  </project>
</coverage>
