{"/Users/lmonninger/Desktop/dev/cogint/packages/Fauna/flora/src/Flora/Error.ts": {"path":"/Users/lmonninger/Desktop/dev/cogint/packages/Fauna/flora/src/Flora/Error.ts","statementMap":{"0":{"start":{"line":12,"column":4},"end":{"line":12,"column":9}},"1":{"start":{"line":14,"column":28},"end":{"line":14,"column":42}},"2":{"start":{"line":28,"column":26},"end":{"line":41,"column":1}},"3":{"start":{"line":34,"column":4},"end":{"line":40,"column":20}},"4":{"start":{"line":48,"column":23},"end":{"line":64,"column":1}},"5":{"start":{"line":49,"column":4},"end":{"line":63,"column":16}},"6":{"start":{"line":66,"column":12},"end":{"line":66,"column":17}},"7":{"start":{"line":67,"column":11},"end":{"line":67,"column":15}},"8":{"start":{"line":68,"column":29},"end":{"line":80,"column":1}},"9":{"start":{"line":69,"column":4},"end":{"line":79,"column":16}},"10":{"start":{"line":82,"column":25},"end":{"line":96,"column":1}},"11":{"start":{"line":84,"column":4},"end":{"line":95,"column":22}}},"fnMap":{"0":{"name":"(anonymous_0)","decl":{"start":{"line":28,"column":26},"end":{"line":28,"column":27}},"loc":{"start":{"line":33,"column":18},"end":{"line":41,"column":1}},"line":33},"1":{"name":"(anonymous_1)","decl":{"start":{"line":48,"column":23},"end":{"line":48,"column":24}},"loc":{"start":{"line":48,"column":57},"end":{"line":64,"column":1}},"line":48},"2":{"name":"(anonymous_2)","decl":{"start":{"line":68,"column":29},"end":{"line":68,"column":30}},"loc":{"start":{"line":68,"column":64},"end":{"line":80,"column":1}},"line":68},"3":{"name":"(anonymous_3)","decl":{"start":{"line":82,"column":25},"end":{"line":82,"column":26}},"loc":{"start":{"line":82,"column":58},"end":{"line":96,"column":1}},"line":82}},"branchMap":{"0":{"loc":{"start":{"line":35,"column":15},"end":{"line":35,"column":59}},"type":"cond-expr","locations":[{"start":{"line":35,"column":35},"end":{"line":35,"column":44}},{"start":{"line":35,"column":47},"end":{"line":35,"column":59}}],"line":35},"1":{"loc":{"start":{"line":35,"column":15},"end":{"line":35,"column":32}},"type":"binary-expr","locations":[{"start":{"line":35,"column":15},"end":{"line":35,"column":19}},{"start":{"line":35,"column":23},"end":{"line":35,"column":32}}],"line":35},"2":{"loc":{"start":{"line":36,"column":14},"end":{"line":36,"column":50}},"type":"cond-expr","locations":[{"start":{"line":36,"column":33},"end":{"line":36,"column":41}},{"start":{"line":36,"column":44},"end":{"line":36,"column":50}}],"line":36},"3":{"loc":{"start":{"line":36,"column":14},"end":{"line":36,"column":30}},"type":"binary-expr","locations":[{"start":{"line":36,"column":14},"end":{"line":36,"column":18}},{"start":{"line":36,"column":22},"end":{"line":36,"column":30}}],"line":36},"4":{"loc":{"start":{"line":37,"column":13},"end":{"line":37,"column":43}},"type":"cond-expr","locations":[{"start":{"line":37,"column":31},"end":{"line":37,"column":38}},{"start":{"line":37,"column":41},"end":{"line":37,"column":43}}],"line":37},"5":{"loc":{"start":{"line":37,"column":13},"end":{"line":37,"column":28}},"type":"binary-expr","locations":[{"start":{"line":37,"column":13},"end":{"line":37,"column":17}},{"start":{"line":37,"column":21},"end":{"line":37,"column":28}}],"line":37},"6":{"loc":{"start":{"line":38,"column":19},"end":{"line":38,"column":65}},"type":"cond-expr","locations":[{"start":{"line":38,"column":43},"end":{"line":38,"column":56}},{"start":{"line":38,"column":59},"end":{"line":38,"column":65}}],"line":38},"7":{"loc":{"start":{"line":38,"column":19},"end":{"line":38,"column":40}},"type":"binary-expr","locations":[{"start":{"line":38,"column":19},"end":{"line":38,"column":23}},{"start":{"line":38,"column":27},"end":{"line":38,"column":40}}],"line":38}},"s":{"0":5,"1":5,"2":5,"3":40,"4":5,"5":28,"6":5,"7":5,"8":5,"9":14,"10":5,"11":13},"f":{"0":40,"1":28,"2":14,"3":13},"b":{"0":[19,21],"1":[40,31],"2":[3,37],"3":[40,31],"4":[0,40],"5":[40,31],"6":[28,12],"7":[40,31]},"_coverageSchema":"1a1c01bbd47fc00a2c39e90264f33305004495a9","hash":"7456880d7d3a06359ea3c615875a18ce215f712d"}
,"/Users/lmonninger/Desktop/dev/cogint/packages/Fauna/flora/src/Flora/Flora.ts": {"path":"/Users/lmonninger/Desktop/dev/cogint/packages/Fauna/flora/src/Flora/Flora.ts","statementMap":{"0":{"start":{"line":36,"column":4},"end":{"line":36,"column":9}},"1":{"start":{"line":39,"column":20},"end":{"line":39,"column":33}},"2":{"start":{"line":40,"column":21},"end":{"line":40,"column":31}},"3":{"start":{"line":41,"column":17},"end":{"line":41,"column":27}},"4":{"start":{"line":42,"column":33},"end":{"line":42,"column":52}},"5":{"start":{"line":43,"column":28},"end":{"line":43,"column":42}},"6":{"start":{"line":44,"column":22},"end":{"line":44,"column":30}},"7":{"start":{"line":51,"column":4},"end":{"line":51,"column":9}},"8":{"start":{"line":57,"column":34},"end":{"line":59,"column":1}},"9":{"start":{"line":58,"column":4},"end":{"line":58,"column":27}},"10":{"start":{"line":61,"column":39},"end":{"line":67,"column":1}},"11":{"start":{"line":65,"column":4},"end":{"line":65,"column":95}},"12":{"start":{"line":69,"column":38},"end":{"line":84,"column":1}},"13":{"start":{"line":72,"column":4},"end":{"line":83,"column":16}},"14":{"start":{"line":92,"column":49},"end":{"line":106,"column":1}},"15":{"start":{"line":113,"column":31},"end":{"line":124,"column":1}},"16":{"start":{"line":114,"column":4},"end":{"line":123,"column":5}},"17":{"start":{"line":126,"column":21},"end":{"line":126,"column":28}},"18":{"start":{"line":127,"column":25},"end":{"line":127,"column":40}},"19":{"start":{"line":135,"column":35},"end":{"line":137,"column":1}},"20":{"start":{"line":136,"column":4},"end":{"line":136,"column":48}},"21":{"start":{"line":143,"column":32},"end":{"line":145,"column":1}},"22":{"start":{"line":144,"column":4},"end":{"line":144,"column":37}},"23":{"start":{"line":152,"column":41},"end":{"line":165,"column":1}},"24":{"start":{"line":154,"column":4},"end":{"line":163,"column":5}},"25":{"start":{"line":173,"column":45},"end":{"line":184,"column":1}},"26":{"start":{"line":174,"column":4},"end":{"line":183,"column":5}},"27":{"start":{"line":190,"column":29},"end":{"line":219,"column":1}},"28":{"start":{"line":195,"column":4},"end":{"line":217,"column":5}},"29":{"start":{"line":225,"column":24},"end":{"line":227,"column":1}},"30":{"start":{"line":226,"column":4},"end":{"line":226,"column":49}},"31":{"start":{"line":233,"column":34},"end":{"line":244,"column":1}},"32":{"start":{"line":235,"column":4},"end":{"line":242,"column":5}},"33":{"start":{"line":246,"column":14},"end":{"line":246,"column":21}},"34":{"start":{"line":247,"column":34},"end":{"line":257,"column":1}},"35":{"start":{"line":249,"column":4},"end":{"line":255,"column":5}},"36":{"start":{"line":259,"column":14},"end":{"line":259,"column":21}},"37":{"start":{"line":265,"column":21},"end":{"line":277,"column":1}},"38":{"start":{"line":267,"column":21},"end":{"line":267,"column":49}},"39":{"start":{"line":269,"column":4},"end":{"line":275,"column":10}}},"fnMap":{"0":{"name":"(anonymous_0)","decl":{"start":{"line":57,"column":34},"end":{"line":57,"column":35}},"loc":{"start":{"line":57,"column":38},"end":{"line":59,"column":1}},"line":57},"1":{"name":"(anonymous_1)","decl":{"start":{"line":61,"column":39},"end":{"line":61,"column":40}},"loc":{"start":{"line":63,"column":13},"end":{"line":67,"column":1}},"line":63},"2":{"name":"(anonymous_2)","decl":{"start":{"line":69,"column":38},"end":{"line":69,"column":39}},"loc":{"start":{"line":71,"column":14},"end":{"line":84,"column":1}},"line":71},"3":{"name":"(anonymous_3)","decl":{"start":{"line":113,"column":31},"end":{"line":113,"column":32}},"loc":{"start":{"line":113,"column":69},"end":{"line":124,"column":1}},"line":113},"4":{"name":"(anonymous_4)","decl":{"start":{"line":135,"column":35},"end":{"line":135,"column":36}},"loc":{"start":{"line":135,"column":39},"end":{"line":137,"column":1}},"line":135},"5":{"name":"(anonymous_5)","decl":{"start":{"line":143,"column":32},"end":{"line":143,"column":33}},"loc":{"start":{"line":143,"column":36},"end":{"line":145,"column":1}},"line":143},"6":{"name":"(anonymous_6)","decl":{"start":{"line":152,"column":41},"end":{"line":152,"column":42}},"loc":{"start":{"line":152,"column":75},"end":{"line":165,"column":1}},"line":152},"7":{"name":"(anonymous_7)","decl":{"start":{"line":173,"column":45},"end":{"line":173,"column":46}},"loc":{"start":{"line":173,"column":79},"end":{"line":184,"column":1}},"line":173},"8":{"name":"(anonymous_8)","decl":{"start":{"line":190,"column":29},"end":{"line":190,"column":30}},"loc":{"start":{"line":193,"column":3},"end":{"line":219,"column":1}},"line":193},"9":{"name":"(anonymous_9)","decl":{"start":{"line":225,"column":24},"end":{"line":225,"column":25}},"loc":{"start":{"line":225,"column":28},"end":{"line":227,"column":1}},"line":225},"10":{"name":"(anonymous_10)","decl":{"start":{"line":233,"column":34},"end":{"line":233,"column":35}},"loc":{"start":{"line":233,"column":87},"end":{"line":244,"column":1}},"line":233},"11":{"name":"(anonymous_11)","decl":{"start":{"line":247,"column":34},"end":{"line":247,"column":35}},"loc":{"start":{"line":247,"column":55},"end":{"line":257,"column":1}},"line":247},"12":{"name":"(anonymous_12)","decl":{"start":{"line":265,"column":21},"end":{"line":265,"column":22}},"loc":{"start":{"line":265,"column":41},"end":{"line":277,"column":1}},"line":265}},"branchMap":{"0":{"loc":{"start":{"line":113,"column":32},"end":{"line":113,"column":66}},"type":"default-arg","locations":[{"start":{"line":113,"column":48},"end":{"line":113,"column":66}}],"line":113},"1":{"loc":{"start":{"line":192,"column":4},"end":{"line":192,"column":48}},"type":"default-arg","locations":[{"start":{"line":192,"column":30},"end":{"line":192,"column":48}}],"line":192}},"s":{"0":5,"1":5,"2":5,"3":5,"4":5,"5":5,"6":5,"7":5,"8":5,"9":30,"10":5,"11":11,"12":5,"13":11,"14":5,"15":5,"16":20,"17":5,"18":5,"19":5,"20":105,"21":5,"22":71,"23":5,"24":19,"25":5,"26":19,"27":5,"28":19,"29":5,"30":71,"31":5,"32":0,"33":5,"34":5,"35":19,"36":5,"37":5,"38":19,"39":19},"f":{"0":30,"1":11,"2":11,"3":20,"4":105,"5":71,"6":19,"7":19,"8":19,"9":71,"10":0,"11":19,"12":19},"b":{"0":[1],"1":[19]},"_coverageSchema":"1a1c01bbd47fc00a2c39e90264f33305004495a9","hash":"458ca349ff5aa8a0f6d5eb583f00c0f9e61ef494"}
,"/Users/lmonninger/Desktop/dev/cogint/packages/Fauna/flora/src/Flora/Fx.ts": {"path":"/Users/lmonninger/Desktop/dev/cogint/packages/Fauna/flora/src/Flora/Fx.ts","statementMap":{"0":{"start":{"line":11,"column":4},"end":{"line":11,"column":9}},"1":{"start":{"line":23,"column":27},"end":{"line":35,"column":1}},"2":{"start":{"line":25,"column":22},"end":{"line":25,"column":48}},"3":{"start":{"line":25,"column":44},"end":{"line":25,"column":48}},"4":{"start":{"line":27,"column":4},"end":{"line":34,"column":27}},"5":{"start":{"line":37,"column":12},"end":{"line":37,"column":17}},"6":{"start":{"line":38,"column":28},"end":{"line":48,"column":1}},"7":{"start":{"line":40,"column":4},"end":{"line":46,"column":5}},"8":{"start":{"line":50,"column":26},"end":{"line":62,"column":1}},"9":{"start":{"line":52,"column":22},"end":{"line":52,"column":48}},"10":{"start":{"line":52,"column":44},"end":{"line":52,"column":48}},"11":{"start":{"line":54,"column":4},"end":{"line":61,"column":27}},"12":{"start":{"line":64,"column":27},"end":{"line":74,"column":1}},"13":{"start":{"line":66,"column":4},"end":{"line":72,"column":28}},"14":{"start":{"line":76,"column":27},"end":{"line":80,"column":1}},"15":{"start":{"line":77,"column":4},"end":{"line":79,"column":29}},"16":{"start":{"line":78,"column":8},"end":{"line":78,"column":35}},"17":{"start":{"line":83,"column":14},"end":{"line":83,"column":21}},"18":{"start":{"line":84,"column":14},"end":{"line":84,"column":21}},"19":{"start":{"line":85,"column":18},"end":{"line":99,"column":1}},"20":{"start":{"line":90,"column":19},"end":{"line":90,"column":75}},"21":{"start":{"line":92,"column":4},"end":{"line":96,"column":10}}},"fnMap":{"0":{"name":"(anonymous_0)","decl":{"start":{"line":23,"column":27},"end":{"line":23,"column":28}},"loc":{"start":{"line":23,"column":96},"end":{"line":35,"column":1}},"line":23},"1":{"name":"(anonymous_1)","decl":{"start":{"line":25,"column":40},"end":{"line":25,"column":41}},"loc":{"start":{"line":25,"column":44},"end":{"line":25,"column":48}},"line":25},"2":{"name":"(anonymous_2)","decl":{"start":{"line":38,"column":28},"end":{"line":38,"column":29}},"loc":{"start":{"line":38,"column":79},"end":{"line":48,"column":1}},"line":38},"3":{"name":"(anonymous_3)","decl":{"start":{"line":50,"column":26},"end":{"line":50,"column":27}},"loc":{"start":{"line":50,"column":95},"end":{"line":62,"column":1}},"line":50},"4":{"name":"(anonymous_4)","decl":{"start":{"line":52,"column":40},"end":{"line":52,"column":41}},"loc":{"start":{"line":52,"column":44},"end":{"line":52,"column":48}},"line":52},"5":{"name":"(anonymous_5)","decl":{"start":{"line":64,"column":27},"end":{"line":64,"column":28}},"loc":{"start":{"line":64,"column":100},"end":{"line":74,"column":1}},"line":64},"6":{"name":"(anonymous_6)","decl":{"start":{"line":76,"column":27},"end":{"line":76,"column":28}},"loc":{"start":{"line":76,"column":100},"end":{"line":80,"column":1}},"line":76},"7":{"name":"(anonymous_7)","decl":{"start":{"line":77,"column":20},"end":{"line":77,"column":21}},"loc":{"start":{"line":77,"column":27},"end":{"line":79,"column":5}},"line":77},"8":{"name":"(anonymous_8)","decl":{"start":{"line":85,"column":18},"end":{"line":85,"column":19}},"loc":{"start":{"line":88,"column":3},"end":{"line":99,"column":1}},"line":88}},"branchMap":{"0":{"loc":{"start":{"line":25,"column":22},"end":{"line":25,"column":48}},"type":"cond-expr","locations":[{"start":{"line":25,"column":31},"end":{"line":25,"column":37}},{"start":{"line":25,"column":40},"end":{"line":25,"column":48}}],"line":25},"1":{"loc":{"start":{"line":52,"column":22},"end":{"line":52,"column":48}},"type":"cond-expr","locations":[{"start":{"line":52,"column":31},"end":{"line":52,"column":37}},{"start":{"line":52,"column":40},"end":{"line":52,"column":48}}],"line":52},"2":{"loc":{"start":{"line":93,"column":19},"end":{"line":93,"column":31}},"type":"binary-expr","locations":[{"start":{"line":93,"column":19},"end":{"line":93,"column":25}},{"start":{"line":93,"column":29},"end":{"line":93,"column":31}}],"line":93},"3":{"loc":{"start":{"line":94,"column":37},"end":{"line":94,"column":47}},"type":"binary-expr","locations":[{"start":{"line":94,"column":37},"end":{"line":94,"column":43}},{"start":{"line":94,"column":45},"end":{"line":94,"column":47}}],"line":94}},"s":{"0":2,"1":2,"2":0,"3":0,"4":0,"5":2,"6":2,"7":0,"8":2,"9":16,"10":0,"11":16,"12":2,"13":0,"14":2,"15":9,"16":16,"17":2,"18":2,"19":2,"20":5,"21":5},"f":{"0":0,"1":0,"2":0,"3":16,"4":0,"5":0,"6":9,"7":16,"8":5},"b":{"0":[0,0],"1":[16,0],"2":[5,0],"3":[5,0]},"_coverageSchema":"1a1c01bbd47fc00a2c39e90264f33305004495a9","hash":"68c8d1fa92eebba399c41d191e314b4d856572b1"}
,"/Users/lmonninger/Desktop/dev/cogint/packages/Fauna/flora/src/Flora/Key.ts": {"path":"/Users/lmonninger/Desktop/dev/cogint/packages/Fauna/flora/src/Flora/Key.ts","statementMap":{"0":{"start":{"line":3,"column":25},"end":{"line":3,"column":40}},"1":{"start":{"line":4,"column":25},"end":{"line":4,"column":35}},"2":{"start":{"line":13,"column":33},"end":{"line":15,"column":1}},"3":{"start":{"line":14,"column":4},"end":{"line":14,"column":127}},"4":{"start":{"line":17,"column":34},"end":{"line":17,"column":62}},"5":{"start":{"line":19,"column":32},"end":{"line":19,"column":65}}},"fnMap":{"0":{"name":"(anonymous_0)","decl":{"start":{"line":13,"column":33},"end":{"line":13,"column":34}},"loc":{"start":{"line":13,"column":59},"end":{"line":15,"column":1}},"line":13}},"branchMap":{},"s":{"0":5,"1":5,"2":5,"3":24,"4":5,"5":5},"f":{"0":24},"b":{},"_coverageSchema":"1a1c01bbd47fc00a2c39e90264f33305004495a9","hash":"21f0d888518babb453c1e6206f65744192043012"}
,"/Users/lmonninger/Desktop/dev/cogint/packages/Fauna/flora/src/Flora/Raise.ts": {"path":"/Users/lmonninger/Desktop/dev/cogint/packages/Fauna/flora/src/Flora/Raise.ts","statementMap":{"0":{"start":{"line":9,"column":4},"end":{"line":9,"column":9}},"1":{"start":{"line":14,"column":32},"end":{"line":30,"column":1}},"2":{"start":{"line":18,"column":4},"end":{"line":28,"column":5}},"3":{"start":{"line":37,"column":22},"end":{"line":42,"column":1}},"4":{"start":{"line":38,"column":4},"end":{"line":41,"column":20}},"5":{"start":{"line":44,"column":14},"end":{"line":44,"column":21}},"6":{"start":{"line":45,"column":21},"end":{"line":52,"column":1}},"7":{"start":{"line":46,"column":4},"end":{"line":51,"column":20}},"8":{"start":{"line":60,"column":23},"end":{"line":77,"column":1}},"9":{"start":{"line":62,"column":4},"end":{"line":75,"column":20}}},"fnMap":{"0":{"name":"(anonymous_0)","decl":{"start":{"line":14,"column":32},"end":{"line":14,"column":33}},"loc":{"start":{"line":16,"column":3},"end":{"line":30,"column":1}},"line":16},"1":{"name":"(anonymous_1)","decl":{"start":{"line":37,"column":22},"end":{"line":37,"column":23}},"loc":{"start":{"line":37,"column":64},"end":{"line":42,"column":1}},"line":37},"2":{"name":"(anonymous_2)","decl":{"start":{"line":45,"column":21},"end":{"line":45,"column":22}},"loc":{"start":{"line":45,"column":63},"end":{"line":52,"column":1}},"line":45},"3":{"name":"(anonymous_3)","decl":{"start":{"line":60,"column":23},"end":{"line":60,"column":24}},"loc":{"start":{"line":60,"column":91},"end":{"line":77,"column":1}},"line":60}},"branchMap":{},"s":{"0":5,"1":5,"2":34,"3":5,"4":19,"5":5,"6":5,"7":19,"8":5,"9":15},"f":{"0":34,"1":19,"2":19,"3":15},"b":{},"_coverageSchema":"1a1c01bbd47fc00a2c39e90264f33305004495a9","hash":"1ec44f416d11087f64e110540a064669aca86ec6"}
,"/Users/lmonninger/Desktop/dev/cogint/packages/Fauna/flora/src/Flora/Yield.ts": {"path":"/Users/lmonninger/Desktop/dev/cogint/packages/Fauna/flora/src/Flora/Yield.ts","statementMap":{"0":{"start":{"line":20,"column":4},"end":{"line":20,"column":9}},"1":{"start":{"line":31,"column":14},"end":{"line":31,"column":21}},"2":{"start":{"line":37,"column":23},"end":{"line":49,"column":1}},"3":{"start":{"line":39,"column":4},"end":{"line":39,"column":38}},"4":{"start":{"line":41,"column":4},"end":{"line":47,"column":14}},"5":{"start":{"line":57,"column":22},"end":{"line":68,"column":1}},"6":{"start":{"line":59,"column":19},"end":{"line":59,"column":75}},"7":{"start":{"line":61,"column":38},"end":{"line":64,"column":5}},"8":{"start":{"line":66,"column":4},"end":{"line":66,"column":24}}},"fnMap":{"0":{"name":"(anonymous_0)","decl":{"start":{"line":37,"column":23},"end":{"line":37,"column":24}},"loc":{"start":{"line":37,"column":75},"end":{"line":49,"column":1}},"line":37},"1":{"name":"(anonymous_1)","decl":{"start":{"line":57,"column":22},"end":{"line":57,"column":23}},"loc":{"start":{"line":57,"column":73},"end":{"line":68,"column":1}},"line":57}},"branchMap":{"0":{"loc":{"start":{"line":62,"column":15},"end":{"line":62,"column":36}},"type":"binary-expr","locations":[{"start":{"line":62,"column":15},"end":{"line":62,"column":21}},{"start":{"line":62,"column":25},"end":{"line":62,"column":36}}],"line":62}},"s":{"0":3,"1":3,"2":3,"3":12,"4":12,"5":3,"6":12,"7":12,"8":12},"f":{"0":12,"1":12},"b":{"0":[12,0]},"_coverageSchema":"1a1c01bbd47fc00a2c39e90264f33305004495a9","hash":"f2c3264c04dba9ec628f14b0f29b6f9882a0fc1c"}
}
