{"/Users/lmonninger/Desktop/dev/cogint/packages/Fauna/flora/src/Flora/Exception.ts": {"path":"/Users/lmonninger/Desktop/dev/cogint/packages/Fauna/flora/src/Flora/Exception.ts","statementMap":{"0":{"start":{"line":12,"column":4},"end":{"line":12,"column":9}},"1":{"start":{"line":14,"column":35},"end":{"line":14,"column":53}},"2":{"start":{"line":29,"column":30},"end":{"line":44,"column":1}},"3":{"start":{"line":36,"column":4},"end":{"line":43,"column":24}},"4":{"start":{"line":51,"column":32},"end":{"line":53,"column":1}},"5":{"start":{"line":52,"column":4},"end":{"line":52,"column":70}},"6":{"start":{"line":60,"column":27},"end":{"line":76,"column":1}},"7":{"start":{"line":61,"column":4},"end":{"line":75,"column":16}},"8":{"start":{"line":78,"column":12},"end":{"line":78,"column":17}},"9":{"start":{"line":79,"column":11},"end":{"line":79,"column":15}},"10":{"start":{"line":80,"column":33},"end":{"line":92,"column":1}},"11":{"start":{"line":81,"column":4},"end":{"line":91,"column":16}},"12":{"start":{"line":94,"column":29},"end":{"line":108,"column":1}},"13":{"start":{"line":96,"column":4},"end":{"line":107,"column":26}}},"fnMap":{"0":{"name":"(anonymous_0)","decl":{"start":{"line":29,"column":30},"end":{"line":29,"column":31}},"loc":{"start":{"line":35,"column":22},"end":{"line":44,"column":1}},"line":35},"1":{"name":"(anonymous_1)","decl":{"start":{"line":51,"column":32},"end":{"line":51,"column":33}},"loc":{"start":{"line":51,"column":45},"end":{"line":53,"column":1}},"line":51},"2":{"name":"(anonymous_2)","decl":{"start":{"line":60,"column":27},"end":{"line":60,"column":28}},"loc":{"start":{"line":60,"column":61},"end":{"line":76,"column":1}},"line":60},"3":{"name":"(anonymous_3)","decl":{"start":{"line":80,"column":33},"end":{"line":80,"column":34}},"loc":{"start":{"line":80,"column":68},"end":{"line":92,"column":1}},"line":80},"4":{"name":"(anonymous_4)","decl":{"start":{"line":94,"column":29},"end":{"line":94,"column":30}},"loc":{"start":{"line":94,"column":66},"end":{"line":108,"column":1}},"line":94}},"branchMap":{"0":{"loc":{"start":{"line":37,"column":15},"end":{"line":37,"column":63}},"type":"cond-expr","locations":[{"start":{"line":37,"column":35},"end":{"line":37,"column":44}},{"start":{"line":37,"column":47},"end":{"line":37,"column":63}}],"line":37},"1":{"loc":{"start":{"line":37,"column":15},"end":{"line":37,"column":32}},"type":"binary-expr","locations":[{"start":{"line":37,"column":15},"end":{"line":37,"column":19}},{"start":{"line":37,"column":23},"end":{"line":37,"column":32}}],"line":37},"2":{"loc":{"start":{"line":38,"column":14},"end":{"line":38,"column":50}},"type":"cond-expr","locations":[{"start":{"line":38,"column":33},"end":{"line":38,"column":41}},{"start":{"line":38,"column":44},"end":{"line":38,"column":50}}],"line":38},"3":{"loc":{"start":{"line":38,"column":14},"end":{"line":38,"column":30}},"type":"binary-expr","locations":[{"start":{"line":38,"column":14},"end":{"line":38,"column":18}},{"start":{"line":38,"column":22},"end":{"line":38,"column":30}}],"line":38},"4":{"loc":{"start":{"line":39,"column":13},"end":{"line":39,"column":43}},"type":"cond-expr","locations":[{"start":{"line":39,"column":31},"end":{"line":39,"column":38}},{"start":{"line":39,"column":41},"end":{"line":39,"column":43}}],"line":39},"5":{"loc":{"start":{"line":39,"column":13},"end":{"line":39,"column":28}},"type":"binary-expr","locations":[{"start":{"line":39,"column":13},"end":{"line":39,"column":17}},{"start":{"line":39,"column":21},"end":{"line":39,"column":28}}],"line":39},"6":{"loc":{"start":{"line":40,"column":19},"end":{"line":40,"column":65}},"type":"cond-expr","locations":[{"start":{"line":40,"column":43},"end":{"line":40,"column":56}},{"start":{"line":40,"column":59},"end":{"line":40,"column":65}}],"line":40},"7":{"loc":{"start":{"line":40,"column":19},"end":{"line":40,"column":40}},"type":"binary-expr","locations":[{"start":{"line":40,"column":19},"end":{"line":40,"column":23}},{"start":{"line":40,"column":27},"end":{"line":40,"column":40}}],"line":40},"8":{"loc":{"start":{"line":41,"column":16},"end":{"line":41,"column":52}},"type":"cond-expr","locations":[{"start":{"line":41,"column":37},"end":{"line":41,"column":47}},{"start":{"line":41,"column":50},"end":{"line":41,"column":52}}],"line":41},"9":{"loc":{"start":{"line":41,"column":16},"end":{"line":41,"column":34}},"type":"binary-expr","locations":[{"start":{"line":41,"column":16},"end":{"line":41,"column":20}},{"start":{"line":41,"column":24},"end":{"line":41,"column":34}}],"line":41},"10":{"loc":{"start":{"line":52,"column":11},"end":{"line":52,"column":69}},"type":"binary-expr","locations":[{"start":{"line":52,"column":11},"end":{"line":52,"column":32}},{"start":{"line":52,"column":36},"end":{"line":52,"column":69}}],"line":52}},"s":{"0":6,"1":6,"2":6,"3":87,"4":6,"5":5,"6":6,"7":68,"8":6,"9":6,"10":6,"11":18,"12":6,"13":17},"f":{"0":87,"1":5,"2":68,"3":18,"4":17},"b":{"0":[78,9],"1":[87,78],"2":[78,9],"3":[87,78],"4":[0,87],"5":[87,78],"6":[75,12],"7":[87,78],"8":[0,87],"9":[87,78],"10":[5,5]},"_coverageSchema":"1a1c01bbd47fc00a2c39e90264f33305004495a9","hash":"0cbe2126c5314fabe4cdc31cc2485702e519bcfa"}
,"/Users/lmonninger/Desktop/dev/cogint/packages/Fauna/flora/src/Flora/Flora.ts": {"path":"/Users/lmonninger/Desktop/dev/cogint/packages/Fauna/flora/src/Flora/Flora.ts","statementMap":{"0":{"start":{"line":40,"column":4},"end":{"line":40,"column":9}},"1":{"start":{"line":43,"column":20},"end":{"line":43,"column":33}},"2":{"start":{"line":44,"column":21},"end":{"line":44,"column":31}},"3":{"start":{"line":45,"column":17},"end":{"line":45,"column":27}},"4":{"start":{"line":46,"column":33},"end":{"line":46,"column":52}},"5":{"start":{"line":47,"column":28},"end":{"line":47,"column":42}},"6":{"start":{"line":48,"column":22},"end":{"line":48,"column":30}},"7":{"start":{"line":55,"column":4},"end":{"line":55,"column":9}},"8":{"start":{"line":61,"column":34},"end":{"line":63,"column":1}},"9":{"start":{"line":62,"column":4},"end":{"line":62,"column":27}},"10":{"start":{"line":65,"column":39},"end":{"line":71,"column":1}},"11":{"start":{"line":69,"column":4},"end":{"line":69,"column":95}},"12":{"start":{"line":73,"column":38},"end":{"line":88,"column":1}},"13":{"start":{"line":76,"column":4},"end":{"line":87,"column":16}},"14":{"start":{"line":96,"column":49},"end":{"line":110,"column":1}},"15":{"start":{"line":117,"column":31},"end":{"line":128,"column":1}},"16":{"start":{"line":118,"column":4},"end":{"line":127,"column":5}},"17":{"start":{"line":130,"column":21},"end":{"line":130,"column":28}},"18":{"start":{"line":131,"column":25},"end":{"line":131,"column":40}},"19":{"start":{"line":139,"column":35},"end":{"line":141,"column":1}},"20":{"start":{"line":140,"column":4},"end":{"line":140,"column":48}},"21":{"start":{"line":147,"column":32},"end":{"line":149,"column":1}},"22":{"start":{"line":148,"column":4},"end":{"line":148,"column":37}},"23":{"start":{"line":156,"column":41},"end":{"line":169,"column":1}},"24":{"start":{"line":158,"column":4},"end":{"line":167,"column":5}},"25":{"start":{"line":177,"column":45},"end":{"line":188,"column":1}},"26":{"start":{"line":178,"column":4},"end":{"line":187,"column":5}},"27":{"start":{"line":194,"column":29},"end":{"line":223,"column":1}},"28":{"start":{"line":199,"column":4},"end":{"line":221,"column":5}},"29":{"start":{"line":229,"column":24},"end":{"line":231,"column":1}},"30":{"start":{"line":230,"column":4},"end":{"line":230,"column":49}},"31":{"start":{"line":233,"column":26},"end":{"line":246,"column":1}},"32":{"start":{"line":234,"column":4},"end":{"line":245,"column":24}},"33":{"start":{"line":251,"column":34},"end":{"line":262,"column":1}},"34":{"start":{"line":253,"column":4},"end":{"line":260,"column":5}},"35":{"start":{"line":264,"column":14},"end":{"line":264,"column":21}},"36":{"start":{"line":265,"column":34},"end":{"line":275,"column":1}},"37":{"start":{"line":267,"column":4},"end":{"line":273,"column":5}},"38":{"start":{"line":277,"column":14},"end":{"line":277,"column":21}},"39":{"start":{"line":283,"column":21},"end":{"line":302,"column":1}},"40":{"start":{"line":285,"column":21},"end":{"line":285,"column":49}},"41":{"start":{"line":287,"column":4},"end":{"line":300,"column":28}}},"fnMap":{"0":{"name":"(anonymous_0)","decl":{"start":{"line":61,"column":34},"end":{"line":61,"column":35}},"loc":{"start":{"line":61,"column":38},"end":{"line":63,"column":1}},"line":61},"1":{"name":"(anonymous_1)","decl":{"start":{"line":65,"column":39},"end":{"line":65,"column":40}},"loc":{"start":{"line":67,"column":13},"end":{"line":71,"column":1}},"line":67},"2":{"name":"(anonymous_2)","decl":{"start":{"line":73,"column":38},"end":{"line":73,"column":39}},"loc":{"start":{"line":75,"column":14},"end":{"line":88,"column":1}},"line":75},"3":{"name":"(anonymous_3)","decl":{"start":{"line":117,"column":31},"end":{"line":117,"column":32}},"loc":{"start":{"line":117,"column":69},"end":{"line":128,"column":1}},"line":117},"4":{"name":"(anonymous_4)","decl":{"start":{"line":139,"column":35},"end":{"line":139,"column":36}},"loc":{"start":{"line":139,"column":39},"end":{"line":141,"column":1}},"line":139},"5":{"name":"(anonymous_5)","decl":{"start":{"line":147,"column":32},"end":{"line":147,"column":33}},"loc":{"start":{"line":147,"column":36},"end":{"line":149,"column":1}},"line":147},"6":{"name":"(anonymous_6)","decl":{"start":{"line":156,"column":41},"end":{"line":156,"column":42}},"loc":{"start":{"line":156,"column":75},"end":{"line":169,"column":1}},"line":156},"7":{"name":"(anonymous_7)","decl":{"start":{"line":177,"column":45},"end":{"line":177,"column":46}},"loc":{"start":{"line":177,"column":79},"end":{"line":188,"column":1}},"line":177},"8":{"name":"(anonymous_8)","decl":{"start":{"line":194,"column":29},"end":{"line":194,"column":30}},"loc":{"start":{"line":197,"column":3},"end":{"line":223,"column":1}},"line":197},"9":{"name":"(anonymous_9)","decl":{"start":{"line":229,"column":24},"end":{"line":229,"column":25}},"loc":{"start":{"line":229,"column":28},"end":{"line":231,"column":1}},"line":229},"10":{"name":"(anonymous_10)","decl":{"start":{"line":233,"column":26},"end":{"line":233,"column":27}},"loc":{"start":{"line":233,"column":75},"end":{"line":246,"column":1}},"line":233},"11":{"name":"(anonymous_11)","decl":{"start":{"line":251,"column":34},"end":{"line":251,"column":35}},"loc":{"start":{"line":251,"column":87},"end":{"line":262,"column":1}},"line":251},"12":{"name":"(anonymous_12)","decl":{"start":{"line":265,"column":34},"end":{"line":265,"column":35}},"loc":{"start":{"line":265,"column":55},"end":{"line":275,"column":1}},"line":265},"13":{"name":"(anonymous_13)","decl":{"start":{"line":283,"column":21},"end":{"line":283,"column":22}},"loc":{"start":{"line":283,"column":59},"end":{"line":302,"column":1}},"line":283}},"branchMap":{"0":{"loc":{"start":{"line":117,"column":32},"end":{"line":117,"column":66}},"type":"default-arg","locations":[{"start":{"line":117,"column":48},"end":{"line":117,"column":66}}],"line":117},"1":{"loc":{"start":{"line":196,"column":4},"end":{"line":196,"column":48}},"type":"default-arg","locations":[{"start":{"line":196,"column":30},"end":{"line":196,"column":48}}],"line":196}},"s":{"0":6,"1":6,"2":6,"3":6,"4":6,"5":6,"6":6,"7":6,"8":6,"9":36,"10":6,"11":13,"12":6,"13":13,"14":6,"15":6,"16":24,"17":6,"18":6,"19":6,"20":257,"21":6,"22":202,"23":6,"24":23,"25":6,"26":23,"27":6,"28":23,"29":6,"30":202,"31":6,"32":23,"33":6,"34":0,"35":6,"36":6,"37":23,"38":6,"39":6,"40":23,"41":23},"f":{"0":36,"1":13,"2":13,"3":24,"4":257,"5":202,"6":23,"7":23,"8":23,"9":202,"10":23,"11":0,"12":23,"13":23},"b":{"0":[1],"1":[23]},"_coverageSchema":"1a1c01bbd47fc00a2c39e90264f33305004495a9","hash":"a3b19a92ccf1a7c6929b25f657a512038320d161"}
,"/Users/lmonninger/Desktop/dev/cogint/packages/Fauna/flora/src/Flora/Fx.ts": {"path":"/Users/lmonninger/Desktop/dev/cogint/packages/Fauna/flora/src/Flora/Fx.ts","statementMap":{"0":{"start":{"line":14,"column":4},"end":{"line":14,"column":9}},"1":{"start":{"line":26,"column":15},"end":{"line":26,"column":23}},"2":{"start":{"line":27,"column":12},"end":{"line":27,"column":17}},"3":{"start":{"line":28,"column":13},"end":{"line":28,"column":19}},"4":{"start":{"line":35,"column":26},"end":{"line":61,"column":1}},"5":{"start":{"line":37,"column":26},"end":{"line":37,"column":79}},"6":{"start":{"line":38,"column":22},"end":{"line":38,"column":48}},"7":{"start":{"line":38,"column":44},"end":{"line":38,"column":48}},"8":{"start":{"line":40,"column":4},"end":{"line":60,"column":27}},"9":{"start":{"line":69,"column":27},"end":{"line":79,"column":1}},"10":{"start":{"line":71,"column":4},"end":{"line":77,"column":28}},"11":{"start":{"line":87,"column":27},"end":{"line":91,"column":1}},"12":{"start":{"line":88,"column":4},"end":{"line":90,"column":29}},"13":{"start":{"line":89,"column":8},"end":{"line":89,"column":35}},"14":{"start":{"line":94,"column":27},"end":{"line":108,"column":1}},"15":{"start":{"line":95,"column":4},"end":{"line":107,"column":22}},"16":{"start":{"line":110,"column":27},"end":{"line":117,"column":1}},"17":{"start":{"line":111,"column":19},"end":{"line":111,"column":61}},"18":{"start":{"line":112,"column":19},"end":{"line":112,"column":65}},"19":{"start":{"line":113,"column":22},"end":{"line":113,"column":73}},"20":{"start":{"line":114,"column":24},"end":{"line":114,"column":67}},"21":{"start":{"line":115,"column":26},"end":{"line":115,"column":70}},"22":{"start":{"line":116,"column":4},"end":{"line":116,"column":40}},"23":{"start":{"line":119,"column":14},"end":{"line":119,"column":21}},"24":{"start":{"line":120,"column":18},"end":{"line":164,"column":1}},"25":{"start":{"line":126,"column":23},"end":{"line":126,"column":46}},"26":{"start":{"line":127,"column":42},"end":{"line":127,"column":65}},"27":{"start":{"line":128,"column":26},"end":{"line":128,"column":89}},"28":{"start":{"line":130,"column":4},"end":{"line":163,"column":20}},"29":{"start":{"line":171,"column":20},"end":{"line":178,"column":1}},"30":{"start":{"line":172,"column":4},"end":{"line":177,"column":6}},"31":{"start":{"line":173,"column":8},"end":{"line":176,"column":9}},"32":{"start":{"line":175,"column":52},"end":{"line":175,"column":56}},"33":{"start":{"line":191,"column":19},"end":{"line":202,"column":1}},"34":{"start":{"line":195,"column":3},"end":{"line":202,"column":1}},"35":{"start":{"line":197,"column":4},"end":{"line":201,"column":5}}},"fnMap":{"0":{"name":"(anonymous_0)","decl":{"start":{"line":35,"column":26},"end":{"line":35,"column":27}},"loc":{"start":{"line":35,"column":95},"end":{"line":61,"column":1}},"line":35},"1":{"name":"(anonymous_1)","decl":{"start":{"line":38,"column":40},"end":{"line":38,"column":41}},"loc":{"start":{"line":38,"column":44},"end":{"line":38,"column":48}},"line":38},"2":{"name":"(anonymous_2)","decl":{"start":{"line":69,"column":27},"end":{"line":69,"column":28}},"loc":{"start":{"line":69,"column":100},"end":{"line":79,"column":1}},"line":69},"3":{"name":"(anonymous_3)","decl":{"start":{"line":87,"column":27},"end":{"line":87,"column":28}},"loc":{"start":{"line":87,"column":100},"end":{"line":91,"column":1}},"line":87},"4":{"name":"(anonymous_4)","decl":{"start":{"line":88,"column":20},"end":{"line":88,"column":21}},"loc":{"start":{"line":88,"column":27},"end":{"line":90,"column":5}},"line":88},"5":{"name":"(anonymous_5)","decl":{"start":{"line":94,"column":27},"end":{"line":94,"column":28}},"loc":{"start":{"line":94,"column":31},"end":{"line":108,"column":1}},"line":94},"6":{"name":"(anonymous_6)","decl":{"start":{"line":110,"column":27},"end":{"line":110,"column":28}},"loc":{"start":{"line":110,"column":69},"end":{"line":117,"column":1}},"line":110},"7":{"name":"(anonymous_7)","decl":{"start":{"line":120,"column":18},"end":{"line":120,"column":19}},"loc":{"start":{"line":124,"column":17},"end":{"line":164,"column":1}},"line":124},"8":{"name":"(anonymous_8)","decl":{"start":{"line":171,"column":20},"end":{"line":171,"column":21}},"loc":{"start":{"line":171,"column":88},"end":{"line":178,"column":1}},"line":171},"9":{"name":"(anonymous_9)","decl":{"start":{"line":172,"column":20},"end":{"line":172,"column":21}},"loc":{"start":{"line":172,"column":34},"end":{"line":177,"column":5}},"line":172},"10":{"name":"(anonymous_10)","decl":{"start":{"line":175,"column":48},"end":{"line":175,"column":49}},"loc":{"start":{"line":175,"column":52},"end":{"line":175,"column":56}},"line":175},"11":{"name":"(anonymous_11)","decl":{"start":{"line":191,"column":19},"end":{"line":191,"column":20}},"loc":{"start":{"line":195,"column":3},"end":{"line":202,"column":1}},"line":195},"12":{"name":"(anonymous_12)","decl":{"start":{"line":195,"column":3},"end":{"line":195,"column":4}},"loc":{"start":{"line":195,"column":44},"end":{"line":202,"column":1}},"line":195}},"branchMap":{"0":{"loc":{"start":{"line":37,"column":26},"end":{"line":37,"column":79}},"type":"cond-expr","locations":[{"start":{"line":37,"column":35},"end":{"line":37,"column":62}},{"start":{"line":37,"column":65},"end":{"line":37,"column":79}}],"line":37},"1":{"loc":{"start":{"line":37,"column":35},"end":{"line":37,"column":62}},"type":"binary-expr","locations":[{"start":{"line":37,"column":35},"end":{"line":37,"column":46}},{"start":{"line":37,"column":48},"end":{"line":37,"column":62}}],"line":37},"2":{"loc":{"start":{"line":38,"column":22},"end":{"line":38,"column":48}},"type":"cond-expr","locations":[{"start":{"line":38,"column":31},"end":{"line":38,"column":37}},{"start":{"line":38,"column":40},"end":{"line":38,"column":48}}],"line":38},"3":{"loc":{"start":{"line":126,"column":23},"end":{"line":126,"column":46}},"type":"binary-expr","locations":[{"start":{"line":126,"column":23},"end":{"line":126,"column":40}},{"start":{"line":126,"column":44},"end":{"line":126,"column":46}}],"line":126},"4":{"loc":{"start":{"line":128,"column":26},"end":{"line":128,"column":89}},"type":"cond-expr","locations":[{"start":{"line":128,"column":40},"end":{"line":128,"column":72}},{"start":{"line":128,"column":75},"end":{"line":128,"column":89}}],"line":128},"5":{"loc":{"start":{"line":128,"column":40},"end":{"line":128,"column":72}},"type":"binary-expr","locations":[{"start":{"line":128,"column":40},"end":{"line":128,"column":56}},{"start":{"line":128,"column":58},"end":{"line":128,"column":72}}],"line":128},"6":{"loc":{"start":{"line":175,"column":12},"end":{"line":175,"column":56}},"type":"cond-expr","locations":[{"start":{"line":175,"column":30},"end":{"line":175,"column":45}},{"start":{"line":175,"column":48},"end":{"line":175,"column":56}}],"line":175}},"s":{"0":3,"1":3,"2":3,"3":3,"4":3,"5":24,"6":24,"7":0,"8":24,"9":3,"10":0,"11":3,"12":13,"13":24,"14":3,"15":9,"16":3,"17":9,"18":9,"19":9,"20":9,"21":9,"22":9,"23":3,"24":3,"25":9,"26":9,"27":9,"28":9,"29":3,"30":3,"31":6,"32":0,"33":3,"34":3,"35":3},"f":{"0":24,"1":0,"2":0,"3":13,"4":24,"5":9,"6":9,"7":9,"8":3,"9":6,"10":0,"11":3,"12":3},"b":{"0":[24,0],"1":[24,0],"2":[24,0],"3":[9,0],"4":[9,0],"5":[9,0],"6":[6,0]},"_coverageSchema":"1a1c01bbd47fc00a2c39e90264f33305004495a9","hash":"32537e1630061d88959895686e2cf7064d3f146d"}
,"/Users/lmonninger/Desktop/dev/cogint/packages/Fauna/flora/src/Flora/Key.ts": {"path":"/Users/lmonninger/Desktop/dev/cogint/packages/Fauna/flora/src/Flora/Key.ts","statementMap":{"0":{"start":{"line":3,"column":25},"end":{"line":3,"column":40}},"1":{"start":{"line":4,"column":25},"end":{"line":4,"column":35}},"2":{"start":{"line":13,"column":33},"end":{"line":15,"column":1}},"3":{"start":{"line":14,"column":4},"end":{"line":14,"column":127}},"4":{"start":{"line":17,"column":34},"end":{"line":17,"column":62}},"5":{"start":{"line":19,"column":32},"end":{"line":19,"column":65}}},"fnMap":{"0":{"name":"(anonymous_0)","decl":{"start":{"line":13,"column":33},"end":{"line":13,"column":34}},"loc":{"start":{"line":13,"column":59},"end":{"line":15,"column":1}},"line":13}},"branchMap":{},"s":{"0":6,"1":6,"2":6,"3":29,"4":6,"5":6},"f":{"0":29},"b":{},"_coverageSchema":"1a1c01bbd47fc00a2c39e90264f33305004495a9","hash":"21f0d888518babb453c1e6206f65744192043012"}
,"/Users/lmonninger/Desktop/dev/cogint/packages/Fauna/flora/src/Flora/Raise.ts": {"path":"/Users/lmonninger/Desktop/dev/cogint/packages/Fauna/flora/src/Flora/Raise.ts","statementMap":{"0":{"start":{"line":9,"column":4},"end":{"line":9,"column":9}},"1":{"start":{"line":14,"column":36},"end":{"line":30,"column":1}},"2":{"start":{"line":18,"column":4},"end":{"line":28,"column":5}},"3":{"start":{"line":37,"column":22},"end":{"line":42,"column":1}},"4":{"start":{"line":38,"column":4},"end":{"line":41,"column":24}},"5":{"start":{"line":44,"column":14},"end":{"line":44,"column":21}},"6":{"start":{"line":45,"column":21},"end":{"line":52,"column":1}},"7":{"start":{"line":46,"column":4},"end":{"line":51,"column":24}},"8":{"start":{"line":60,"column":23},"end":{"line":77,"column":1}},"9":{"start":{"line":62,"column":4},"end":{"line":75,"column":24}}},"fnMap":{"0":{"name":"(anonymous_0)","decl":{"start":{"line":14,"column":36},"end":{"line":14,"column":37}},"loc":{"start":{"line":16,"column":3},"end":{"line":30,"column":1}},"line":16},"1":{"name":"(anonymous_1)","decl":{"start":{"line":37,"column":22},"end":{"line":37,"column":23}},"loc":{"start":{"line":37,"column":76},"end":{"line":42,"column":1}},"line":37},"2":{"name":"(anonymous_2)","decl":{"start":{"line":45,"column":21},"end":{"line":45,"column":22}},"loc":{"start":{"line":45,"column":75},"end":{"line":52,"column":1}},"line":45},"3":{"name":"(anonymous_3)","decl":{"start":{"line":60,"column":23},"end":{"line":60,"column":24}},"loc":{"start":{"line":60,"column":111},"end":{"line":77,"column":1}},"line":60}},"branchMap":{},"s":{"0":6,"1":6,"2":55,"3":6,"4":36,"5":6,"6":6,"7":36,"8":6,"9":19},"f":{"0":55,"1":36,"2":36,"3":19},"b":{},"_coverageSchema":"1a1c01bbd47fc00a2c39e90264f33305004495a9","hash":"7ae43c82bb74c255b87fc92743e7d605e6035968"}
,"/Users/lmonninger/Desktop/dev/cogint/packages/Fauna/flora/src/Flora/Yield.ts": {"path":"/Users/lmonninger/Desktop/dev/cogint/packages/Fauna/flora/src/Flora/Yield.ts","statementMap":{"0":{"start":{"line":21,"column":4},"end":{"line":21,"column":9}},"1":{"start":{"line":24,"column":27},"end":{"line":36,"column":1}},"2":{"start":{"line":25,"column":4},"end":{"line":35,"column":11}},"3":{"start":{"line":26,"column":8},"end":{"line":34,"column":9}},"4":{"start":{"line":45,"column":14},"end":{"line":45,"column":21}},"5":{"start":{"line":46,"column":15},"end":{"line":46,"column":23}},"6":{"start":{"line":52,"column":23},"end":{"line":68,"column":1}},"7":{"start":{"line":53,"column":4},"end":{"line":67,"column":10}},"8":{"start":{"line":76,"column":22},"end":{"line":87,"column":1}},"9":{"start":{"line":78,"column":19},"end":{"line":78,"column":75}},"10":{"start":{"line":80,"column":38},"end":{"line":83,"column":5}},"11":{"start":{"line":85,"column":4},"end":{"line":85,"column":24}}},"fnMap":{"0":{"name":"(anonymous_0)","decl":{"start":{"line":24,"column":27},"end":{"line":24,"column":28}},"loc":{"start":{"line":24,"column":105},"end":{"line":36,"column":1}},"line":24},"1":{"name":"(anonymous_1)","decl":{"start":{"line":25,"column":20},"end":{"line":25,"column":21}},"loc":{"start":{"line":25,"column":34},"end":{"line":35,"column":5}},"line":25},"2":{"name":"(anonymous_2)","decl":{"start":{"line":52,"column":23},"end":{"line":52,"column":24}},"loc":{"start":{"line":52,"column":75},"end":{"line":68,"column":1}},"line":52},"3":{"name":"(anonymous_3)","decl":{"start":{"line":76,"column":22},"end":{"line":76,"column":23}},"loc":{"start":{"line":76,"column":73},"end":{"line":87,"column":1}},"line":76}},"branchMap":{"0":{"loc":{"start":{"line":81,"column":15},"end":{"line":81,"column":36}},"type":"binary-expr","locations":[{"start":{"line":81,"column":15},"end":{"line":81,"column":21}},{"start":{"line":81,"column":25},"end":{"line":81,"column":36}}],"line":81}},"s":{"0":4,"1":4,"2":16,"3":26,"4":4,"5":4,"6":4,"7":16,"8":4,"9":16,"10":16,"11":16},"f":{"0":16,"1":26,"2":16,"3":16},"b":{"0":[16,0]},"_coverageSchema":"1a1c01bbd47fc00a2c39e90264f33305004495a9","hash":"4bb99c956da05c2d6da904571b680c7414509953"}
,"/Users/lmonninger/Desktop/dev/cogint/packages/Fauna/flora/src/Flora/index.ts": {"path":"/Users/lmonninger/Desktop/dev/cogint/packages/Fauna/flora/src/Flora/index.ts","statementMap":{},"fnMap":{},"branchMap":{},"s":{},"f":{},"b":{},"_coverageSchema":"1a1c01bbd47fc00a2c39e90264f33305004495a9","hash":"6b675553a731a83b67fd8acb5c8a9949fb982faa"}
,"/Users/lmonninger/Desktop/dev/cogint/packages/Fauna/flora/src/FloraTypes/Array.ts": {"path":"/Users/lmonninger/Desktop/dev/cogint/packages/Fauna/flora/src/FloraTypes/Array.ts","statementMap":{"0":{"start":{"line":10,"column":4},"end":{"line":10,"column":9}},"1":{"start":{"line":12,"column":12},"end":{"line":12,"column":17}},"2":{"start":{"line":13,"column":11},"end":{"line":13,"column":15}},"3":{"start":{"line":19,"column":22},"end":{"line":35,"column":1}},"4":{"start":{"line":19,"column":71},"end":{"line":35,"column":1}},"5":{"start":{"line":20,"column":4},"end":{"line":34,"column":16}}},"fnMap":{"0":{"name":"(anonymous_0)","decl":{"start":{"line":19,"column":22},"end":{"line":19,"column":23}},"loc":{"start":{"line":19,"column":71},"end":{"line":35,"column":1}},"line":19},"1":{"name":"(anonymous_1)","decl":{"start":{"line":19,"column":71},"end":{"line":19,"column":72}},"loc":{"start":{"line":19,"column":107},"end":{"line":35,"column":1}},"line":19}},"branchMap":{},"s":{"0":3,"1":3,"2":3,"3":3,"4":3,"5":3},"f":{"0":3,"1":3},"b":{},"_coverageSchema":"1a1c01bbd47fc00a2c39e90264f33305004495a9","hash":"3eca031e3d4d399f7df35eaaef53f01131b95d0d"}
,"/Users/lmonninger/Desktop/dev/cogint/packages/Fauna/flora/src/FloraTypes/Document.ts": {"path":"/Users/lmonninger/Desktop/dev/cogint/packages/Fauna/flora/src/FloraTypes/Document.ts","statementMap":{"0":{"start":{"line":6,"column":4},"end":{"line":6,"column":9}},"1":{"start":{"line":13,"column":25},"end":{"line":19,"column":1}},"2":{"start":{"line":13,"column":63},"end":{"line":19,"column":1}},"3":{"start":{"line":14,"column":4},"end":{"line":18,"column":40}}},"fnMap":{"0":{"name":"(anonymous_0)","decl":{"start":{"line":13,"column":25},"end":{"line":13,"column":26}},"loc":{"start":{"line":13,"column":63},"end":{"line":19,"column":1}},"line":13},"1":{"name":"(anonymous_1)","decl":{"start":{"line":13,"column":63},"end":{"line":13,"column":64}},"loc":{"start":{"line":13,"column":86},"end":{"line":19,"column":1}},"line":13}},"branchMap":{"0":{"loc":{"start":{"line":14,"column":11},"end":{"line":18,"column":40}},"type":"cond-expr","locations":[{"start":{"line":14,"column":23},"end":{"line":18,"column":16}},{"start":{"line":18,"column":19},"end":{"line":18,"column":40}}],"line":14}},"s":{"0":3,"1":3,"2":2,"3":2},"f":{"0":2,"1":2},"b":{"0":[2,0]},"_coverageSchema":"1a1c01bbd47fc00a2c39e90264f33305004495a9","hash":"3a121907de683eb804bf3e32b1204b677bda7e98"}
,"/Users/lmonninger/Desktop/dev/cogint/packages/Fauna/flora/src/FloraTypes/Object.ts": {"path":"/Users/lmonninger/Desktop/dev/cogint/packages/Fauna/flora/src/FloraTypes/Object.ts","statementMap":{"0":{"start":{"line":6,"column":4},"end":{"line":6,"column":9}},"1":{"start":{"line":28,"column":25},"end":{"line":33,"column":1}},"2":{"start":{"line":31,"column":4},"end":{"line":31,"column":65}},"3":{"start":{"line":32,"column":4},"end":{"line":32,"column":82}},"4":{"start":{"line":43,"column":33},"end":{"line":51,"column":1}},"5":{"start":{"line":44,"column":4},"end":{"line":50,"column":6}},"6":{"start":{"line":45,"column":8},"end":{"line":49,"column":9}},"7":{"start":{"line":53,"column":19},"end":{"line":53,"column":24}},"8":{"start":{"line":54,"column":18},"end":{"line":54,"column":22}},"9":{"start":{"line":60,"column":35},"end":{"line":72,"column":1}},"10":{"start":{"line":61,"column":4},"end":{"line":71,"column":5}},"11":{"start":{"line":79,"column":23},"end":{"line":85,"column":1}},"12":{"start":{"line":79,"column":66},"end":{"line":85,"column":1}},"13":{"start":{"line":80,"column":4},"end":{"line":84,"column":43}}},"fnMap":{"0":{"name":"(anonymous_0)","decl":{"start":{"line":28,"column":25},"end":{"line":28,"column":26}},"loc":{"start":{"line":30,"column":53},"end":{"line":33,"column":1}},"line":30},"1":{"name":"(anonymous_1)","decl":{"start":{"line":43,"column":33},"end":{"line":43,"column":34}},"loc":{"start":{"line":43,"column":72},"end":{"line":51,"column":1}},"line":43},"2":{"name":"(anonymous_2)","decl":{"start":{"line":44,"column":33},"end":{"line":44,"column":34}},"loc":{"start":{"line":44,"column":40},"end":{"line":50,"column":5}},"line":44},"3":{"name":"(anonymous_3)","decl":{"start":{"line":60,"column":35},"end":{"line":60,"column":36}},"loc":{"start":{"line":60,"column":65},"end":{"line":72,"column":1}},"line":60},"4":{"name":"(anonymous_4)","decl":{"start":{"line":79,"column":23},"end":{"line":79,"column":24}},"loc":{"start":{"line":79,"column":66},"end":{"line":85,"column":1}},"line":79},"5":{"name":"(anonymous_5)","decl":{"start":{"line":79,"column":66},"end":{"line":79,"column":67}},"loc":{"start":{"line":79,"column":105},"end":{"line":85,"column":1}},"line":79}},"branchMap":{"0":{"loc":{"start":{"line":48,"column":12},"end":{"line":48,"column":69}},"type":"cond-expr","locations":[{"start":{"line":48,"column":57},"end":{"line":48,"column":61}},{"start":{"line":48,"column":64},"end":{"line":48,"column":69}}],"line":48},"1":{"loc":{"start":{"line":80,"column":12},"end":{"line":84,"column":43}},"type":"cond-expr","locations":[{"start":{"line":80,"column":19},"end":{"line":84,"column":16}},{"start":{"line":84,"column":19},"end":{"line":84,"column":43}}],"line":80}},"s":{"0":4,"1":4,"2":4,"3":4,"4":4,"5":10,"6":20,"7":4,"8":4,"9":4,"10":10,"11":4,"12":10,"13":10},"f":{"0":4,"1":10,"2":20,"3":10,"4":10,"5":10},"b":{"0":[4,16],"1":[10,0]},"_coverageSchema":"1a1c01bbd47fc00a2c39e90264f33305004495a9","hash":"7b4c0cf69937ea1c3f70fbe8f7308363fcd13893"}
,"/Users/lmonninger/Desktop/dev/cogint/packages/Fauna/flora/src/FloraTypes/Or.ts": {"path":"/Users/lmonninger/Desktop/dev/cogint/packages/Fauna/flora/src/FloraTypes/Or.ts","statementMap":{"0":{"start":{"line":6,"column":4},"end":{"line":6,"column":9}},"1":{"start":{"line":8,"column":19},"end":{"line":21,"column":1}},"2":{"start":{"line":10,"column":3},"end":{"line":21,"column":1}},"3":{"start":{"line":13,"column":23},"end":{"line":15,"column":6}},"4":{"start":{"line":14,"column":8},"end":{"line":14,"column":24}},"5":{"start":{"line":17,"column":4},"end":{"line":19,"column":16}}},"fnMap":{"0":{"name":"(anonymous_0)","decl":{"start":{"line":8,"column":19},"end":{"line":8,"column":20}},"loc":{"start":{"line":10,"column":3},"end":{"line":21,"column":1}},"line":10},"1":{"name":"(anonymous_1)","decl":{"start":{"line":10,"column":3},"end":{"line":10,"column":4}},"loc":{"start":{"line":10,"column":45},"end":{"line":21,"column":1}},"line":10},"2":{"name":"(anonymous_2)","decl":{"start":{"line":13,"column":32},"end":{"line":13,"column":33}},"loc":{"start":{"line":13,"column":39},"end":{"line":15,"column":5}},"line":13}},"branchMap":{},"s":{"0":4,"1":4,"2":2,"3":2,"4":4,"5":2},"f":{"0":2,"1":2,"2":4},"b":{},"_coverageSchema":"1a1c01bbd47fc00a2c39e90264f33305004495a9","hash":"0cd651ac92c456a00b5d89f4a0a8d2a96b230274"}
,"/Users/lmonninger/Desktop/dev/cogint/packages/Fauna/flora/src/FloraTypes/Primitives.ts": {"path":"/Users/lmonninger/Desktop/dev/cogint/packages/Fauna/flora/src/FloraTypes/Primitives.ts","statementMap":{"0":{"start":{"line":8,"column":4},"end":{"line":8,"column":9}},"1":{"start":{"line":15,"column":23},"end":{"line":17,"column":1}},"2":{"start":{"line":16,"column":4},"end":{"line":16,"column":35}},"3":{"start":{"line":24,"column":20},"end":{"line":26,"column":1}},"4":{"start":{"line":25,"column":4},"end":{"line":25,"column":36}},"5":{"start":{"line":32,"column":21},"end":{"line":38,"column":1}},"6":{"start":{"line":33,"column":4},"end":{"line":37,"column":16}},"7":{"start":{"line":45,"column":22},"end":{"line":51,"column":1}},"8":{"start":{"line":46,"column":4},"end":{"line":50,"column":16}},"9":{"start":{"line":58,"column":23},"end":{"line":60,"column":1}},"10":{"start":{"line":59,"column":4},"end":{"line":59,"column":35}},"11":{"start":{"line":67,"column":24},"end":{"line":69,"column":1}},"12":{"start":{"line":68,"column":4},"end":{"line":68,"column":36}}},"fnMap":{"0":{"name":"(anonymous_0)","decl":{"start":{"line":15,"column":23},"end":{"line":15,"column":24}},"loc":{"start":{"line":15,"column":52},"end":{"line":17,"column":1}},"line":15},"1":{"name":"(anonymous_1)","decl":{"start":{"line":24,"column":20},"end":{"line":24,"column":21}},"loc":{"start":{"line":24,"column":49},"end":{"line":26,"column":1}},"line":24},"2":{"name":"(anonymous_2)","decl":{"start":{"line":32,"column":21},"end":{"line":32,"column":22}},"loc":{"start":{"line":32,"column":50},"end":{"line":38,"column":1}},"line":32},"3":{"name":"(anonymous_3)","decl":{"start":{"line":45,"column":22},"end":{"line":45,"column":23}},"loc":{"start":{"line":45,"column":51},"end":{"line":51,"column":1}},"line":45},"4":{"name":"(anonymous_4)","decl":{"start":{"line":58,"column":23},"end":{"line":58,"column":24}},"loc":{"start":{"line":58,"column":52},"end":{"line":60,"column":1}},"line":58},"5":{"name":"(anonymous_5)","decl":{"start":{"line":67,"column":24},"end":{"line":67,"column":25}},"loc":{"start":{"line":67,"column":54},"end":{"line":69,"column":1}},"line":67}},"branchMap":{},"s":{"0":7,"1":7,"2":24,"3":7,"4":0,"5":7,"6":0,"7":7,"8":0,"9":7,"10":13,"11":7,"12":0},"f":{"0":24,"1":0,"2":0,"3":0,"4":13,"5":0},"b":{},"_coverageSchema":"1a1c01bbd47fc00a2c39e90264f33305004495a9","hash":"f17918aa1050e0b3d0d6661d3877dda1e71cbcb7"}
,"/Users/lmonninger/Desktop/dev/cogint/packages/Fauna/flora/src/FloraTypes/Ref.ts": {"path":"/Users/lmonninger/Desktop/dev/cogint/packages/Fauna/flora/src/FloraTypes/Ref.ts","statementMap":{"0":{"start":{"line":8,"column":4},"end":{"line":8,"column":9}},"1":{"start":{"line":15,"column":20},"end":{"line":21,"column":1}},"2":{"start":{"line":15,"column":58},"end":{"line":21,"column":1}},"3":{"start":{"line":16,"column":4},"end":{"line":20,"column":40}}},"fnMap":{"0":{"name":"(anonymous_0)","decl":{"start":{"line":15,"column":20},"end":{"line":15,"column":21}},"loc":{"start":{"line":15,"column":58},"end":{"line":21,"column":1}},"line":15},"1":{"name":"(anonymous_1)","decl":{"start":{"line":15,"column":58},"end":{"line":15,"column":59}},"loc":{"start":{"line":15,"column":81},"end":{"line":21,"column":1}},"line":15}},"branchMap":{"0":{"loc":{"start":{"line":16,"column":11},"end":{"line":20,"column":40}},"type":"cond-expr","locations":[{"start":{"line":16,"column":23},"end":{"line":20,"column":16}},{"start":{"line":20,"column":19},"end":{"line":20,"column":40}}],"line":16}},"s":{"0":2,"1":2,"2":0,"3":0},"f":{"0":0,"1":0},"b":{"0":[0,0]},"_coverageSchema":"1a1c01bbd47fc00a2c39e90264f33305004495a9","hash":"bf51004476679ebf24defab8a32b44c927489a7a"}
,"/Users/lmonninger/Desktop/dev/cogint/packages/Fauna/flora/src/FloraTypes/Tuple.ts": {"path":"/Users/lmonninger/Desktop/dev/cogint/packages/Fauna/flora/src/FloraTypes/Tuple.ts","statementMap":{"0":{"start":{"line":13,"column":4},"end":{"line":13,"column":9}},"1":{"start":{"line":20,"column":29},"end":{"line":28,"column":1}},"2":{"start":{"line":21,"column":4},"end":{"line":27,"column":6}},"3":{"start":{"line":22,"column":8},"end":{"line":26,"column":9}},"4":{"start":{"line":30,"column":12},"end":{"line":30,"column":17}},"5":{"start":{"line":31,"column":11},"end":{"line":31,"column":15}},"6":{"start":{"line":37,"column":22},"end":{"line":46,"column":1}},"7":{"start":{"line":37,"column":79},"end":{"line":46,"column":1}},"8":{"start":{"line":39,"column":29},"end":{"line":39,"column":59}},"9":{"start":{"line":41,"column":4},"end":{"line":45,"column":16}}},"fnMap":{"0":{"name":"(anonymous_0)","decl":{"start":{"line":20,"column":29},"end":{"line":20,"column":30}},"loc":{"start":{"line":20,"column":83},"end":{"line":28,"column":1}},"line":20},"1":{"name":"(anonymous_1)","decl":{"start":{"line":21,"column":26},"end":{"line":21,"column":27}},"loc":{"start":{"line":21,"column":46},"end":{"line":27,"column":5}},"line":21},"2":{"name":"(anonymous_2)","decl":{"start":{"line":37,"column":22},"end":{"line":37,"column":23}},"loc":{"start":{"line":37,"column":79},"end":{"line":46,"column":1}},"line":37},"3":{"name":"(anonymous_3)","decl":{"start":{"line":37,"column":79},"end":{"line":37,"column":80}},"loc":{"start":{"line":37,"column":115},"end":{"line":46,"column":1}},"line":37}},"branchMap":{"0":{"loc":{"start":{"line":25,"column":12},"end":{"line":25,"column":69}},"type":"cond-expr","locations":[{"start":{"line":25,"column":57},"end":{"line":25,"column":61}},{"start":{"line":25,"column":64},"end":{"line":25,"column":69}}],"line":25}},"s":{"0":3,"1":3,"2":3,"3":6,"4":3,"5":3,"6":3,"7":3,"8":3,"9":3},"f":{"0":3,"1":6,"2":3,"3":3},"b":{"0":[0,6]},"_coverageSchema":"1a1c01bbd47fc00a2c39e90264f33305004495a9","hash":"119cceebf575cdfc1794ffbddc58d8eb2225a094"}
,"/Users/lmonninger/Desktop/dev/cogint/packages/Fauna/flora/src/FloraTypes/index.ts": {"path":"/Users/lmonninger/Desktop/dev/cogint/packages/Fauna/flora/src/FloraTypes/index.ts","statementMap":{},"fnMap":{},"branchMap":{},"s":{},"f":{},"b":{},"_coverageSchema":"1a1c01bbd47fc00a2c39e90264f33305004495a9","hash":"a57ca90bac96007ee64bf370dfea1c40fc02205c"}
}
