TN:
SF:src/Flora/Blight.ts
FN:31,(anonymous_0)
FN:42,(anonymous_1)
FN:81,(anonymous_2)
FN:103,(anonymous_3)
FN:131,(anonymous_4)
FN:158,(anonymous_5)
FN:176,(anonymous_6)
FN:187,(anonymous_7)
FNF:8
FNH:5
FNDA:0,(anonymous_0)
FNDA:2,(anonymous_1)
FNDA:253,(anonymous_2)
FNDA:244,(anonymous_3)
FNDA:0,(anonymous_4)
FNDA:0,(anonymous_5)
FNDA:1,(anonymous_6)
FNDA:5,(anonymous_7)
DA:14,5
DA:16,5
DA:31,5
DA:33,0
DA:42,5
DA:44,2
DA:68,5
DA:81,5
DA:85,253
DA:103,5
DA:108,244
DA:131,5
DA:136,0
DA:158,5
DA:160,0
DA:176,5
DA:178,1
DA:187,5
DA:189,5
LF:19
LH:16
BRDA:33,0,0,0
BRDA:33,0,1,0
BRDA:82,1,0,0
BRF:3
BRH:0
end_of_record
TN:
SF:src/Flora/Bother.ts
FN:28,(anonymous_0)
FN:39,(anonymous_1)
FN:77,(anonymous_2)
FNF:3
FNH:2
FNDA:1,(anonymous_0)
FNDA:0,(anonymous_1)
FNDA:251,(anonymous_2)
DA:12,6
DA:14,6
DA:15,6
DA:28,6
DA:30,1
DA:39,6
DA:41,0
DA:62,6
DA:63,6
DA:77,6
DA:81,251
LF:11
LH:10
BRDA:30,0,0,1
BRDA:30,0,1,1
BRDA:84,1,0,251
BRDA:84,1,1,5
BRF:4
BRH:4
end_of_record
TN:
SF:src/Flora/Catalog.ts
FN:25,(anonymous_0)
FNF:1
FNH:1
FNDA:2,(anonymous_0)
DA:20,2
DA:22,2
DA:23,2
DA:24,2
DA:25,2
DA:29,2
LF:6
LH:6
BRF:0
BRH:0
end_of_record
TN:
SF:src/Flora/Cure.ts
FN:25,(anonymous_0)
FNF:1
FNH:1
FNDA:1,(anonymous_0)
DA:5,1
DA:7,1
DA:14,1
DA:25,1
DA:27,1
LF:5
LH:5
BRDA:30,0,0,1
BRDA:30,0,1,0
BRF:2
BRH:1
end_of_record
TN:
SF:src/Flora/Flora.ts
FN:72,(anonymous_0)
FN:76,(anonymous_1)
FN:84,(anonymous_2)
FN:128,(anonymous_3)
FN:152,(anonymous_4)
FN:188,(anonymous_5)
FN:209,(anonymous_6)
FN:225,(anonymous_7)
FN:261,(anonymous_8)
FN:275,(anonymous_9)
FN:293,(anonymous_10)
FNF:11
FNH:10
FNDA:9,(anonymous_0)
FNDA:5,(anonymous_1)
FNDA:5,(anonymous_2)
FNDA:5,(anonymous_3)
FNDA:5,(anonymous_4)
FNDA:4,(anonymous_5)
FNDA:4,(anonymous_6)
FNDA:4,(anonymous_7)
FNDA:0,(anonymous_8)
FNDA:4,(anonymous_9)
FNDA:4,(anonymous_10)
DA:47,2
DA:54,2
DA:55,2
DA:56,2
DA:57,2
DA:58,2
DA:59,2
DA:66,2
DA:72,2
DA:73,9
DA:76,2
DA:80,5
DA:84,2
DA:87,5
DA:107,2
DA:128,2
DA:129,5
DA:146,2
DA:152,2
DA:156,5
DA:175,2
DA:188,2
DA:190,4
DA:209,2
DA:210,4
DA:225,2
DA:230,4
DA:261,2
DA:263,0
DA:274,2
DA:275,2
DA:277,4
DA:287,2
DA:293,2
DA:295,4
DA:297,4
LF:36
LH:35
BRDA:128,0,0,1
BRDA:227,1,0,4
BRF:2
BRH:2
end_of_record
TN:
SF:src/Flora/Garden.ts
FN:39,(anonymous_0)
FN:50,(anonymous_1)
FN:87,(anonymous_2)
FN:103,(anonymous_3)
FN:120,(anonymous_4)
FN:126,(anonymous_5)
FNF:6
FNH:4
FNDA:0,(anonymous_0)
FNDA:0,(anonymous_1)
FNDA:5,(anonymous_2)
FNDA:12,(anonymous_3)
FNDA:1,(anonymous_4)
FNDA:6,(anonymous_5)
DA:25,7
DA:27,7
DA:39,7
DA:41,0
DA:50,7
DA:52,0
DA:69,7
DA:70,7
DA:80,7
DA:81,7
DA:87,7
DA:94,5
DA:103,7
DA:107,12
DA:120,7
DA:122,1
DA:126,7
DA:130,6
LF:18
LH:16
BRDA:41,0,0,0
BRDA:41,0,1,0
BRDA:97,1,0,5
BRDA:97,1,1,0
BRF:4
BRH:1
end_of_record
TN:
SF:src/Flora/Interpret.ts
FN:24,(anonymous_0)
FN:32,(anonymous_1)
FNF:2
FNH:2
FNDA:2,(anonymous_0)
FNDA:2,(anonymous_1)
DA:15,2
DA:22,2
DA:24,2
DA:26,2
DA:32,2
DA:34,2
LF:6
LH:6
BRF:0
BRH:0
end_of_record
TN:
SF:src/Flora/Key.ts
FN:13,(anonymous_0)
FNF:1
FNH:1
FNDA:34,(anonymous_0)
DA:3,5
DA:4,5
DA:13,5
DA:14,34
DA:17,5
DA:19,5
DA:21,5
DA:23,5
DA:25,5
DA:27,5
DA:29,5
LF:11
LH:11
BRF:0
BRH:0
end_of_record
TN:
SF:src/Flora/Resolve.ts
FN:49,(anonymous_0)
FN:66,(anonymous_1)
FN:81,(anonymous_2)
FN:94,(anonymous_3)
FN:109,(anonymous_4)
FN:112,(anonymous_5)
FN:126,(anonymous_6)
FN:157,(anonymous_7)
FN:165,(anonymous_8)
FN:167,(anonymous_9)
FNF:10
FNH:10
FNDA:2,(anonymous_0)
FNDA:2,(anonymous_1)
FNDA:2,(anonymous_2)
FNDA:2,(anonymous_3)
FNDA:4,(anonymous_4)
FNDA:4,(anonymous_5)
FNDA:2,(anonymous_6)
FNDA:2,(anonymous_7)
FNDA:6,(anonymous_8)
FNDA:2,(anonymous_9)
DA:31,2
DA:43,2
DA:49,2
DA:50,2
DA:59,2
DA:66,2
DA:68,2
DA:81,2
DA:82,2
DA:94,2
DA:98,2
DA:107,2
DA:108,2
DA:109,2
DA:112,4
DA:115,4
DA:126,2
DA:133,2
DA:157,2
DA:161,2
DA:165,2
DA:167,6
DA:169,2
LF:23
LH:23
BRF:0
BRH:0
end_of_record
TN:
SF:src/Flora/Yield.ts
FN:51,(anonymous_0)
FN:89,(anonymous_1)
FNF:2
FNH:2
FNDA:6,(anonymous_0)
FNDA:6,(anonymous_1)
DA:30,2
DA:44,2
DA:45,2
DA:51,2
DA:58,6
DA:63,6
DA:89,2
DA:91,6
DA:93,6
DA:102,6
LF:10
LH:10
BRDA:94,0,0,6
BRDA:94,0,1,0
BRDA:97,1,0,6
BRDA:97,1,1,0
BRF:4
BRH:2
end_of_record
