TN:
SF:src/Flora/Exception.ts
FN:35,(anonymous_0)
FN:57,(anonymous_1)
FN:66,(anonymous_2)
FN:86,(anonymous_3)
FN:100,(anonymous_4)
FNF:5
FNH:5
FNDA:99,(anonymous_0)
FNDA:6,(anonymous_1)
FNDA:80,(anonymous_2)
FNDA:21,(anonymous_3)
FNDA:20,(anonymous_4)
DA:20,7
DA:35,7
DA:42,99
DA:57,7
DA:58,6
DA:66,7
DA:67,80
DA:84,7
DA:85,7
DA:86,7
DA:87,21
DA:100,7
DA:102,20
LF:13
LH:13
BRDA:43,0,0,90
BRDA:43,0,1,9
BRDA:43,1,0,99
BRDA:43,1,1,90
BRDA:44,2,0,90
BRDA:44,2,1,9
BRDA:44,3,0,99
BRDA:44,3,1,90
BRDA:45,4,0,0
BRDA:45,4,1,99
BRDA:45,5,0,99
BRDA:45,5,1,90
BRDA:46,6,0,87
BRDA:46,6,1,12
BRDA:46,7,0,99
BRDA:46,7,1,90
BRDA:47,8,0,0
BRDA:47,8,1,99
BRDA:47,9,0,99
BRDA:47,9,1,90
BRDA:58,10,0,6
BRDA:58,10,1,6
BRF:22
BRH:20
end_of_record
TN:
SF:src/Flora/Flora.ts
FN:58,(anonymous_0)
FN:62,(anonymous_1)
FN:70,(anonymous_2)
FN:114,(anonymous_3)
FN:136,(anonymous_4)
FN:144,(anonymous_5)
FN:153,(anonymous_6)
FN:174,(anonymous_7)
FN:191,(anonymous_8)
FN:226,(anonymous_9)
FN:230,(anonymous_10)
FN:248,(anonymous_11)
FN:262,(anonymous_12)
FN:280,(anonymous_13)
FNF:14
FNH:13
FNDA:41,(anonymous_0)
FNDA:15,(anonymous_1)
FNDA:15,(anonymous_2)
FNDA:27,(anonymous_3)
FNDA:296,(anonymous_4)
FNDA:232,(anonymous_5)
FNDA:26,(anonymous_6)
FNDA:26,(anonymous_7)
FNDA:26,(anonymous_8)
FNDA:232,(anonymous_9)
FNDA:26,(anonymous_10)
FNDA:0,(anonymous_11)
FNDA:26,(anonymous_12)
FNDA:26,(anonymous_13)
DA:46,7
DA:47,7
DA:48,7
DA:49,7
DA:50,7
DA:51,7
DA:58,7
DA:59,41
DA:62,7
DA:66,15
DA:70,7
DA:73,15
DA:93,7
DA:114,7
DA:115,27
DA:127,7
DA:128,7
DA:136,7
DA:137,296
DA:144,7
DA:145,232
DA:153,7
DA:155,26
DA:174,7
DA:175,26
DA:191,7
DA:196,26
DA:226,7
DA:227,232
DA:230,7
DA:231,26
DA:248,7
DA:250,0
DA:261,7
DA:262,7
DA:264,26
DA:274,7
DA:280,7
DA:282,26
DA:284,26
LF:40
LH:39
BRDA:114,0,0,1
BRDA:193,1,0,26
BRF:2
BRH:2
end_of_record
TN:
SF:src/Flora/Fx.ts
FN:35,(anonymous_0)
FN:38,(anonymous_1)
FN:69,(anonymous_2)
FN:87,(anonymous_3)
FN:88,(anonymous_4)
FN:94,(anonymous_5)
FN:110,(anonymous_6)
FN:120,(anonymous_7)
FN:171,(anonymous_8)
FN:172,(anonymous_9)
FN:175,(anonymous_10)
FN:191,(anonymous_11)
FN:195,(anonymous_12)
FNF:13
FNH:10
FNDA:27,(anonymous_0)
FNDA:0,(anonymous_1)
FNDA:0,(anonymous_2)
FNDA:16,(anonymous_3)
FNDA:27,(anonymous_4)
FNDA:12,(anonymous_5)
FNDA:12,(anonymous_6)
FNDA:12,(anonymous_7)
FNDA:3,(anonymous_8)
FNDA:6,(anonymous_9)
FNDA:0,(anonymous_10)
FNDA:5,(anonymous_11)
FNDA:3,(anonymous_12)
DA:26,4
DA:27,4
DA:28,4
DA:35,4
DA:37,27
DA:38,27
DA:40,27
DA:69,4
DA:71,0
DA:87,4
DA:88,16
DA:89,27
DA:94,4
DA:95,12
DA:110,4
DA:111,12
DA:112,12
DA:113,12
DA:114,12
DA:115,12
DA:116,12
DA:119,4
DA:120,4
DA:126,12
DA:127,12
DA:128,12
DA:130,12
DA:171,4
DA:172,3
DA:173,6
DA:175,0
DA:191,4
DA:195,5
DA:197,3
LF:34
LH:32
BRDA:37,0,0,27
BRDA:37,0,1,0
BRDA:37,1,0,27
BRDA:37,1,1,3
BRDA:38,2,0,27
BRDA:38,2,1,0
BRDA:126,3,0,12
BRDA:126,3,1,0
BRDA:128,4,0,12
BRDA:128,4,1,0
BRDA:128,5,0,12
BRDA:128,5,1,0
BRDA:175,6,0,6
BRDA:175,6,1,0
BRF:14
BRH:8
end_of_record
TN:
SF:src/Flora/Key.ts
FN:13,(anonymous_0)
FNF:1
FNH:1
FNDA:33,(anonymous_0)
DA:3,7
DA:4,7
DA:13,7
DA:14,33
DA:17,7
DA:19,7
LF:6
LH:6
BRF:0
BRH:0
end_of_record
TN:
SF:src/Flora/Raise.ts
FN:18,(anonymous_0)
FN:41,(anonymous_1)
FN:49,(anonymous_2)
FN:64,(anonymous_3)
FNF:4
FNH:4
FNDA:64,(anonymous_0)
FNDA:42,(anonymous_1)
FNDA:42,(anonymous_2)
FNDA:22,(anonymous_3)
DA:18,7
DA:22,64
DA:41,7
DA:42,42
DA:48,7
DA:49,7
DA:50,42
DA:64,7
DA:66,22
LF:9
LH:9
BRF:0
BRH:0
end_of_record
TN:
SF:src/Flora/Yield.ts
FN:22,(anonymous_0)
FN:23,(anonymous_1)
FN:50,(anonymous_2)
FN:74,(anonymous_3)
FNF:4
FNH:4
FNDA:19,(anonymous_0)
FNDA:29,(anonymous_1)
FNDA:19,(anonymous_2)
FNDA:19,(anonymous_3)
DA:22,5
DA:23,19
DA:24,29
DA:43,5
DA:44,5
DA:50,5
DA:51,19
DA:74,5
DA:76,19
DA:78,19
DA:83,19
LF:11
LH:11
BRDA:79,0,0,19
BRDA:79,0,1,0
BRF:2
BRH:1
end_of_record
TN:
SF:src/Flora/index.ts
FNF:0
FNH:0
LF:0
LH:0
BRF:0
BRH:0
end_of_record
TN:
SF:src/FloraMethods/FaunaMethods.ts
FN:14,(anonymous_0)
FN:28,(anonymous_1)
FN:36,(anonymous_2)
FN:40,(anonymous_3)
FN:52,(anonymous_4)
FN:62,(anonymous_5)
FNF:6
FNH:2
FNDA:0,(anonymous_0)
FNDA:0,(anonymous_1)
FNDA:3,(anonymous_2)
FNDA:3,(anonymous_3)
FNDA:0,(anonymous_4)
FNDA:0,(anonymous_5)
DA:12,1
DA:14,0
DA:26,1
DA:28,0
DA:36,1
DA:38,3
DA:40,3
DA:52,1
DA:58,0
DA:60,0
DA:62,0
LF:11
LH:6
BRDA:58,0,0,0
BRDA:58,0,1,0
BRF:2
BRH:0
end_of_record
TN:
SF:src/FloraTypes/Any.ts
FN:1,(anonymous_0)
FNF:1
FNH:0
FNDA:0,(anonymous_0)
DA:1,3
LF:1
LH:1
BRF:0
BRH:0
end_of_record
TN:
SF:src/FloraTypes/Array.ts
FN:19,(anonymous_0)
FN:19,(anonymous_1)
FNF:2
FNH:2
FNDA:6,(anonymous_0)
FNDA:6,(anonymous_1)
DA:12,4
DA:13,4
DA:19,6
DA:20,6
LF:4
LH:4
BRF:0
BRH:0
end_of_record
TN:
SF:src/FloraTypes/Document.ts
FN:10,(anonymous_0)
FN:10,(anonymous_1)
FNF:2
FNH:2
FNDA:2,(anonymous_0)
FNDA:2,(anonymous_1)
DA:10,4
DA:11,2
LF:2
LH:2
BRDA:11,0,0,2
BRDA:11,0,1,0
BRF:2
BRH:1
end_of_record
TN:
SF:src/FloraTypes/Object.ts
FN:28,(anonymous_0)
FN:43,(anonymous_1)
FN:44,(anonymous_2)
FN:60,(anonymous_3)
FN:79,(anonymous_4)
FN:79,(anonymous_5)
FNF:6
FNH:6
FNDA:4,(anonymous_0)
FNDA:10,(anonymous_1)
FNDA:20,(anonymous_2)
FNDA:10,(anonymous_3)
FNDA:10,(anonymous_4)
FNDA:10,(anonymous_5)
DA:28,5
DA:31,4
DA:32,4
DA:43,5
DA:44,10
DA:45,20
DA:53,5
DA:54,5
DA:60,5
DA:61,10
DA:79,10
DA:80,10
LF:12
LH:12
BRDA:48,0,0,4
BRDA:48,0,1,16
BRDA:80,1,0,10
BRDA:80,1,1,0
BRF:4
BRH:3
end_of_record
TN:
SF:src/FloraTypes/Or.ts
FN:8,(anonymous_0)
FN:10,(anonymous_1)
FN:13,(anonymous_2)
FNF:3
FNH:3
FNDA:2,(anonymous_0)
FNDA:2,(anonymous_1)
FNDA:4,(anonymous_2)
DA:8,5
DA:10,2
DA:13,2
DA:14,4
DA:17,2
LF:5
LH:5
BRF:0
BRH:0
end_of_record
TN:
SF:src/FloraTypes/Primitives.ts
FN:16,(anonymous_0)
FN:25,(anonymous_1)
FN:33,(anonymous_2)
FN:46,(anonymous_3)
FN:59,(anonymous_4)
FN:68,(anonymous_5)
FNF:6
FNH:2
FNDA:34,(anonymous_0)
FNDA:0,(anonymous_1)
FNDA:0,(anonymous_2)
FNDA:0,(anonymous_3)
FNDA:19,(anonymous_4)
FNDA:0,(anonymous_5)
DA:16,8
DA:17,34
DA:25,8
DA:26,0
DA:33,8
DA:34,0
DA:46,8
DA:47,0
DA:59,8
DA:60,19
DA:68,8
DA:69,0
LF:12
LH:8
BRF:0
BRH:0
end_of_record
TN:
SF:src/FloraTypes/Ref.ts
FN:13,(anonymous_0)
FN:13,(anonymous_1)
FNF:2
FNH:0
FNDA:0,(anonymous_0)
FNDA:0,(anonymous_1)
DA:13,3
DA:14,0
LF:2
LH:1
BRDA:14,0,0,0
BRDA:14,0,1,0
BRF:2
BRH:0
end_of_record
TN:
SF:src/FloraTypes/Tuple.ts
FN:20,(anonymous_0)
FN:21,(anonymous_1)
FN:37,(anonymous_2)
FN:37,(anonymous_3)
FNF:4
FNH:4
FNDA:3,(anonymous_0)
FNDA:6,(anonymous_1)
FNDA:3,(anonymous_2)
FNDA:3,(anonymous_3)
DA:20,4
DA:21,3
DA:22,6
DA:30,4
DA:31,4
DA:37,4
DA:39,3
DA:41,3
LF:8
LH:8
BRDA:25,0,0,0
BRDA:25,0,1,6
BRF:2
BRH:1
end_of_record
TN:
SF:src/FloraTypes/index.ts
FNF:0
FNH:0
LF:0
LH:0
BRF:0
BRH:0
end_of_record
